#
# A fatal error has been detected by the Java Runtime Environment:
#
#  EXCEPTION_ACCESS_VIOLATION (0xc0000005) at pc=0x00000000565b8f45, pid=8344, tid=4352
#
# JRE version: Java(TM) SE Runtime Environment (8.0_91-b15) (build 1.8.0_91-b15)
# Java VM: Java HotSpot(TM) 64-Bit Server VM (25.91-b15 mixed mode windows-amd64 compressed oops)
# Problematic frame:
# V  [jvm.dll+0x128f45]
#
# Failed to write core dump. Minidumps are not enabled by default on client versions of Windows
#
# If you would like to submit a bug report, please visit:
#   http://bugreport.java.com/bugreport/crash.jsp
#

---------------  T H R E A D  ---------------

Current thread (0x0000000019631000):  JavaThread "JDWP Transport Listener: dt_socket" daemon [_thread_in_vm, id=4352, stack(0x000000001a130000,0x000000001a230000)]

siginfo: ExceptionCode=0xc0000005, reading address 0xffffffffffffffff

Registers:
RAX=0x000000001a22f101, RBX=0x0000000019631000, RCX=0x6b63617453726568, RDX=0x0000000000000000
RSP=0x000000001a22f0b0, RBP=0x6b63617453726568, RSI=0x000000001a22f1c8, RDI=0x0000000002319d00
R8 =0x0000000019631000, R9 =0x0000000000000000, R10=0x0000000000000000, R11=0x0000000000000064
R12=0x0000000000000000, R13=0x000000001963bf78, R14=0x0000000000000000, R15=0x0000000000000000
RIP=0x00000000565b8f45, EFLAGS=0x0000000000010202

Top of Stack: (sp=0x000000001a22f0b0)
0x000000001a22f0b0:   0000000019631000 000000001de22c10
0x000000001a22f0c0:   000000001a22f178 00000000567bf32b
0x000000001a22f0d0:   0000000019631000 00000000567dbb8d
0x000000001a22f0e0:   0000000000000000 0000000056f39155
0x000000001a22f0f0:   000000001aedcc70 0000000056f4291e
0x000000001a22f100:   0000000019631000 0000000000000000
0x000000001a22f110:   0000000000000000 0000000000000000
0x000000001a22f120:   6b63617453726568 0000000056f41a15
0x000000001a22f130:   000000001a22f1c8 000000001a22f1a0
0x000000001a22f140:   0000000000000001 000000001aedcc70
0x000000001a22f150:   6b63617453726568 0000000056f253b3
0x000000001a22f160:   000000001a22f290 0000000000000001
0x000000001a22f170:   0000000000000001 000000001aedcc70
0x000000001a22f180:   0000000000000001 0000000000000000
0x000000001a22f190:   0000000000000000 0000000000000000
0x000000001a22f1a0:   0000000000000001 0000000056f25571 

Instructions: (pc=0x00000000565b8f45)
0x00000000565b8f25:   cc cc cc cc cc cc cc cc cc cc cc 48 83 ec 28 48
0x00000000565b8f35:   85 c9 75 07 33 c0 48 83 c4 28 c3 48 89 5c 24 20
0x00000000565b8f45:   48 8b 19 48 85 db 74 20 48 83 fb 37 74 1a 48 8b
0x00000000565b8f55:   13 48 8b cb ff 52 10 84 c0 74 0d 48 8b c3 48 8b 


Register to memory mapping:

RAX=0x000000001a22f101 is pointing into the stack for thread: 0x0000000019631000
RBX=0x0000000019631000 is a thread
RCX=0x6b63617453726568 is an unknown value
RDX=0x0000000000000000 is an unknown value
RSP=0x000000001a22f0b0 is pointing into the stack for thread: 0x0000000019631000
RBP=0x6b63617453726568 is an unknown value
RSI=0x000000001a22f1c8 is pointing into the stack for thread: 0x0000000019631000
RDI=0x0000000002319d00 is an unknown value
R8 =0x0000000019631000 is a thread
R9 =0x0000000000000000 is an unknown value
R10=0x0000000000000000 is an unknown value
R11=0x0000000000000064 is an unknown value
R12=0x0000000000000000 is an unknown value
R13=0x000000001963bf78 is an unknown value
R14=0x0000000000000000 is an unknown value
R15=0x0000000000000000 is an unknown value


Stack: [0x000000001a130000,0x000000001a230000],  sp=0x000000001a22f0b0,  free space=1020k
Native frames: (J=compiled Java code, j=interpreted, Vv=VM code, C=native code)
V  [jvm.dll+0x128f45]
V  [jvm.dll+0x34bb8d]
C  [jdwp.dll+0x21a15]
C  [jdwp.dll+0x53b3]
C  [jdwp.dll+0x5571]
C  [jdwp.dll+0xf0a8]
C  [jdwp.dll+0x1f2d5]
C  [jdwp.dll+0x1f4aa]
V  [jvm.dll+0x1bbf38]
V  [jvm.dll+0x243ae4]
V  [jvm.dll+0x29a99a]
C  [msvcr100.dll+0x21d9f]
C  [msvcr100.dll+0x21e3b]
C  [KERNEL32.DLL+0x18102]
C  [ntdll.dll+0x5c5b4]


---------------  P R O C E S S  ---------------

Java Threads: ( => current thread )
  0x0000000020bfe000 JavaThread "OkHttp ConnectionPool" daemon [_thread_blocked, id=600, stack(0x00000000270c0000,0x00000000271c0000)]
  0x0000000020c00800 JavaThread "Rate Limited Dispatcher" daemon [_thread_blocked, id=2560, stack(0x0000000026fc0000,0x00000000270c0000)]
  0x0000000020bf9000 JavaThread "Thread-5" daemon [_thread_blocked, id=1924, stack(0x0000000026ec0000,0x0000000026fc0000)]
  0x0000000020bfb000 JavaThread "http-nio-8080-exec-10" daemon [_thread_blocked, id=11124, stack(0x0000000026dc0000,0x0000000026ec0000)]
  0x0000000020bf5000 JavaThread "http-nio-8080-exec-9" daemon [_thread_blocked, id=11032, stack(0x0000000026cc0000,0x0000000026dc0000)]
  0x0000000020bf7800 JavaThread "http-nio-8080-exec-8" daemon [_thread_blocked, id=7924, stack(0x00000000269c0000,0x0000000026ac0000)]
  0x0000000020bf4800 JavaThread "http-nio-8080-exec-7" daemon [_thread_blocked, id=5060, stack(0x00000000268c0000,0x00000000269c0000)]
  0x0000000020bf8000 JavaThread "http-nio-8080-exec-6" daemon [_thread_blocked, id=700, stack(0x00000000267c0000,0x00000000268c0000)]
  0x0000000020bf6800 JavaThread "http-nio-8080-exec-5" daemon [_thread_blocked, id=5380, stack(0x00000000266c0000,0x00000000267c0000)]
  0x0000000020bf3000 JavaThread "http-nio-8080-exec-4" daemon [_thread_blocked, id=11232, stack(0x00000000265c0000,0x00000000266c0000)]
  0x0000000020bf6000 JavaThread "http-nio-8080-exec-3" daemon [_thread_blocked, id=3016, stack(0x00000000264c0000,0x00000000265c0000)]
  0x0000000020bf2000 JavaThread "MySQL Statement Cancellation Timer" daemon [_thread_blocked, id=5824, stack(0x00000000263c0000,0x00000000264c0000)]
  0x0000000020bf3800 JavaThread "http-nio-8080-exec-2" daemon [_thread_blocked, id=7224, stack(0x00000000262c0000,0x00000000263c0000)]
  0x000000001e6bb000 JavaThread "http-nio-8080-exec-1" daemon [_thread_blocked, id=9348, stack(0x0000000025df0000,0x0000000025ef0000)]
  0x000000001e6b9000 JavaThread "ajp-nio-8009-Acceptor-0" daemon [_thread_in_native, id=9388, stack(0x0000000025cf0000,0x0000000025df0000)]
  0x000000001e6b8000 JavaThread "ajp-nio-8009-ClientPoller-1" daemon [_thread_in_native, id=10128, stack(0x0000000025bf0000,0x0000000025cf0000)]
  0x000000001e6b7800 JavaThread "ajp-nio-8009-ClientPoller-0" daemon [_thread_in_native, id=7532, stack(0x0000000025af0000,0x0000000025bf0000)]
  0x000000001e6ba800 JavaThread "http-nio-8080-Acceptor-0" daemon [_thread_in_native, id=6980, stack(0x00000000250c0000,0x00000000251c0000)]
  0x000000001e6b6000 JavaThread "http-nio-8080-ClientPoller-1" daemon [_thread_in_native, id=10012, stack(0x0000000022d80000,0x0000000022e80000)]
  0x000000001e6b9800 JavaThread "http-nio-8080-ClientPoller-0" daemon [_thread_in_native, id=3288, stack(0x0000000020480000,0x0000000020580000)]
  0x000000001e6b6800 JavaThread "ContainerBackgroundProcessor[StandardEngine[Catalina]]" daemon [_thread_blocked, id=9844, stack(0x000000001e180000,0x000000001e280000)]
  0x000000001af9f800 JavaThread "NioBlockingSelector.BlockPoller-2" daemon [_thread_in_native, id=8404, stack(0x000000001c800000,0x000000001c900000)]
  0x000000001afa6800 JavaThread "NioBlockingSelector.BlockPoller-1" daemon [_thread_in_native, id=6856, stack(0x000000001c700000,0x000000001c800000)]
  0x000000001b4a1800 JavaThread "GC Daemon" daemon [_thread_blocked, id=5736, stack(0x000000001c400000,0x000000001c500000)]
  0x00000000196e5000 JavaThread "Service Thread" daemon [_thread_blocked, id=3216, stack(0x000000001a830000,0x000000001a930000)]
  0x000000001965c000 JavaThread "C1 CompilerThread3" daemon [_thread_blocked, id=8880, stack(0x000000001a730000,0x000000001a830000)]
  0x000000001965b000 JavaThread "C2 CompilerThread2" daemon [_thread_blocked, id=4300, stack(0x000000001a630000,0x000000001a730000)]
  0x000000001965a800 JavaThread "C2 CompilerThread1" daemon [_thread_blocked, id=1324, stack(0x000000001a530000,0x000000001a630000)]
  0x000000001964e000 JavaThread "C2 CompilerThread0" daemon [_thread_blocked, id=7280, stack(0x000000001a430000,0x000000001a530000)]
  0x0000000019643800 JavaThread "JDWP Command Reader" daemon [_thread_in_native, id=3556, stack(0x000000001a330000,0x000000001a430000)]
  0x000000001963e000 JavaThread "JDWP Event Helper Thread" daemon [_thread_blocked, id=7884, stack(0x000000001a230000,0x000000001a330000)]
=>0x0000000019631000 JavaThread "JDWP Transport Listener: dt_socket" daemon [_thread_in_vm, id=4352, stack(0x000000001a130000,0x000000001a230000)]
  0x000000001962a800 JavaThread "Attach Listener" daemon [_thread_blocked, id=9068, stack(0x0000000019cf0000,0x0000000019df0000)]
  0x0000000019629000 JavaThread "Signal Dispatcher" daemon [_thread_blocked, id=4812, stack(0x0000000019bf0000,0x0000000019cf0000)]
  0x0000000019620800 JavaThread "Finalizer" daemon [_thread_blocked, id=10036, stack(0x0000000019a00000,0x0000000019b00000)]
  0x000000001773d000 JavaThread "Reference Handler" daemon [_thread_blocked, id=1524, stack(0x0000000019500000,0x0000000019600000)]
  0x0000000002622800 JavaThread "main" [_thread_in_native, id=3580, stack(0x0000000002520000,0x0000000002620000)]

Other Threads:
  0x000000001773b000 VMThread [stack: 0x0000000019400000,0x0000000019500000] [id=10796]
  0x0000000019701800 WatcherThread [stack: 0x000000001a930000,0x000000001aa30000] [id=4104]

VM state:not at safepoint (normal execution)

VM Mutex/Monitor currently owned by a thread: None

Heap:
 PSYoungGen      total 658432K, used 190909K [0x00000000d5800000, 0x00000000fff00000, 0x0000000100000000)
  eden space 622592K, 30% used [0x00000000d5800000,0x00000000e0ebadf0,0x00000000fb800000)
  from space 35840K, 10% used [0x00000000fdc00000,0x00000000fdfb4718,0x00000000fff00000)
  to   space 36352K, 0% used [0x00000000fb800000,0x00000000fb800000,0x00000000fdb80000)
 ParOldGen       total 126976K, used 54196K [0x0000000080800000, 0x0000000088400000, 0x00000000d5800000)
  object space 126976K, 42% used [0x0000000080800000,0x0000000083ced350,0x0000000088400000)
 Metaspace       used 46758K, capacity 47494K, committed 48000K, reserved 1091584K
  class space    used 5236K, capacity 5385K, committed 5504K, reserved 1048576K

Card table byte_map: [0x0000000011ae0000,0x0000000011ee0000] byte_map_base: 0x00000000116dc000

Marking Bits: (ParMarkBitMap*) 0x0000000056ca2f70
 Begin Bits: [0x0000000012990000, 0x0000000014970000)
 End Bits:   [0x0000000014970000, 0x0000000016950000)

Polling page: 0x00000000022f0000

CodeCache: size=245760Kb used=19322Kb max_used=19380Kb free=226437Kb
 bounds [0x0000000002720000, 0x0000000003a30000, 0x0000000011720000]
 total_blobs=5354 nmethods=4812 adapters=461
 compilation: enabled

Compilation events (10 events):
Event: 77.378 Thread 0x000000001965c000 5671       3       java.util.concurrent.ConcurrentHashMap$ValueIterator::next (34 bytes)
Event: 77.379 Thread 0x000000001965c000 nmethod 5671 0x0000000002a077d0 code [0x0000000002a07960, 0x0000000002a07c98]
Event: 86.811 Thread 0x000000001965c000 5672       3       org.apache.tomcat.util.net.NioBlockingSelector$BlockPoller::events (48 bytes)
Event: 86.812 Thread 0x000000001965c000 nmethod 5672 0x0000000003a1fdd0 code [0x0000000003a1ff80, 0x0000000003a20698]
Event: 86.812 Thread 0x000000001965c000 5673  s    3       org.apache.tomcat.util.collections.SynchronizedQueue::size (23 bytes)
Event: 86.813 Thread 0x000000001965c000 nmethod 5673 0x0000000002acd2d0 code [0x0000000002acd420, 0x0000000002acd730]
Event: 87.430 Thread 0x000000001965c000 5674  s    3       java.io.ExpiringCache::get (39 bytes)
Event: 87.430 Thread 0x000000001965c000 nmethod 5674 0x0000000002a93190 code [0x0000000002a93320, 0x0000000002a93758]
Event: 88.226 Thread 0x000000001965b000 5675  s    4       java.io.ExpiringCache::get (39 bytes)
Event: 88.227 Thread 0x000000001965b000 nmethod 5675 0x0000000002d22850 code [0x0000000002d229a0, 0x0000000002d22d78]

GC Heap History (10 events):
Event: 8.849 GC heap before
{Heap before GC invocations=14 (full 2):
 PSYoungGen      total 605696K, used 24686K [0x00000000d5800000, 0x00000000ff400000, 0x0000000100000000)
  eden space 580608K, 0% used [0x00000000d5800000,0x00000000d5800000,0x00000000f8f00000)
  from space 25088K, 98% used [0x00000000fdb80000,0x00000000ff39b978,0x00000000ff400000)
  to   space 38400K, 0% used [0x00000000fa900000,0x00000000fa900000,0x00000000fce80000)
 ParOldGen       total 87552K, used 32751K [0x0000000080800000, 0x0000000085d80000, 0x00000000d5800000)
  object space 87552K, 37% used [0x0000000080800000,0x00000000827fbeb0,0x0000000085d80000)
 Metaspace       used 34732K, capacity 35144K, committed 35416K, reserved 1081344K
  class space    used 4128K, capacity 4256K, committed 4352K, reserved 1048576K
Event: 8.921 GC heap after
Heap after GC invocations=14 (full 2):
 PSYoungGen      total 605696K, used 0K [0x00000000d5800000, 0x00000000ff400000, 0x0000000100000000)
  eden space 580608K, 0% used [0x00000000d5800000,0x00000000d5800000,0x00000000f8f00000)
  from space 25088K, 0% used [0x00000000fdb80000,0x00000000fdb80000,0x00000000ff400000)
  to   space 38400K, 0% used [0x00000000fa900000,0x00000000fa900000,0x00000000fce80000)
 ParOldGen       total 126976K, used 52580K [0x0000000080800000, 0x0000000088400000, 0x00000000d5800000)
  object space 126976K, 41% used [0x0000000080800000,0x0000000083b59220,0x0000000088400000)
 Metaspace       used 34732K, capacity 35144K, committed 35416K, reserved 1081344K
  class space    used 4128K, capacity 4256K, committed 4352K, reserved 1048576K
}
Event: 30.368 GC heap before
{Heap before GC invocations=15 (full 2):
 PSYoungGen      total 605696K, used 580608K [0x00000000d5800000, 0x00000000ff400000, 0x0000000100000000)
  eden space 580608K, 100% used [0x00000000d5800000,0x00000000f8f00000,0x00000000f8f00000)
  from space 25088K, 0% used [0x00000000fdb80000,0x00000000fdb80000,0x00000000ff400000)
  to   space 38400K, 0% used [0x00000000fa900000,0x00000000fa900000,0x00000000fce80000)
 ParOldGen       total 126976K, used 52580K [0x0000000080800000, 0x0000000088400000, 0x00000000d5800000)
  object space 126976K, 41% used [0x0000000080800000,0x0000000083b59220,0x0000000088400000)
 Metaspace       used 36866K, capacity 37454K, committed 37888K, reserved 1083392K
  class space    used 4378K, capacity 4514K, committed 4608K, reserved 1048576K
Event: 30.370 GC heap after
Heap after GC invocations=15 (full 2):
 PSYoungGen      total 645632K, used 3299K [0x00000000d5800000, 0x0000000100000000, 0x0000000100000000)
  eden space 607232K, 0% used [0x00000000d5800000,0x00000000d5800000,0x00000000fa900000)
  from space 38400K, 8% used [0x00000000fa900000,0x00000000fac38e48,0x00000000fce80000)
  to   space 38400K, 0% used [0x00000000fda80000,0x00000000fda80000,0x0000000100000000)
 ParOldGen       total 126976K, used 52588K [0x0000000080800000, 0x0000000088400000, 0x00000000d5800000)
  object space 126976K, 41% used [0x0000000080800000,0x0000000083b5b220,0x0000000088400000)
 Metaspace       used 36866K, capacity 37454K, committed 37888K, reserved 1083392K
  class space    used 4378K, capacity 4514K, committed 4608K, reserved 1048576K
}
Event: 48.463 GC heap before
{Heap before GC invocations=16 (full 2):
 PSYoungGen      total 645632K, used 610531K [0x00000000d5800000, 0x0000000100000000, 0x0000000100000000)
  eden space 607232K, 100% used [0x00000000d5800000,0x00000000fa900000,0x00000000fa900000)
  from space 38400K, 8% used [0x00000000fa900000,0x00000000fac38e48,0x00000000fce80000)
  to   space 38400K, 0% used [0x00000000fda80000,0x00000000fda80000,0x0000000100000000)
 ParOldGen       total 126976K, used 52588K [0x0000000080800000, 0x0000000088400000, 0x00000000d5800000)
  object space 126976K, 41% used [0x0000000080800000,0x0000000083b5b220,0x0000000088400000)
 Metaspace       used 46456K, capacity 47224K, committed 47744K, reserved 1091584K
  class space    used 5201K, capacity 5378K, committed 5504K, reserved 1048576K
Event: 48.470 GC heap after
Heap after GC invocations=16 (full 2):
 PSYoungGen      total 654848K, used 11661K [0x00000000d5800000, 0x00000000ffd00000, 0x0000000100000000)
  eden space 619520K, 0% used [0x00000000d5800000,0x00000000d5800000,0x00000000fb500000)
  from space 35328K, 33% used [0x00000000fda80000,0x00000000fe5e36a8,0x00000000ffd00000)
  to   space 36864K, 0% used [0x00000000fb500000,0x00000000fb500000,0x00000000fd900000)
 ParOldGen       total 126976K, used 54180K [0x0000000080800000, 0x0000000088400000, 0x00000000d5800000)
  object space 126976K, 42% used [0x0000000080800000,0x0000000083ce9350,0x0000000088400000)
 Metaspace       used 46456K, capacity 47224K, committed 47744K, reserved 1091584K
  class space    used 5201K, capacity 5378K, committed 5504K, reserved 1048576K
}
Event: 65.345 GC heap before
{Heap before GC invocations=17 (full 2):
 PSYoungGen      total 654848K, used 631181K [0x00000000d5800000, 0x00000000ffd00000, 0x0000000100000000)
  eden space 619520K, 100% used [0x00000000d5800000,0x00000000fb500000,0x00000000fb500000)
  from space 35328K, 33% used [0x00000000fda80000,0x00000000fe5e36a8,0x00000000ffd00000)
  to   space 36864K, 0% used [0x00000000fb500000,0x00000000fb500000,0x00000000fd900000)
 ParOldGen       total 126976K, used 54180K [0x0000000080800000, 0x0000000088400000, 0x00000000d5800000)
  object space 126976K, 42% used [0x0000000080800000,0x0000000083ce9350,0x0000000088400000)
 Metaspace       used 46737K, capacity 47494K, committed 48000K, reserved 1091584K
  class space    used 5235K, capacity 5385K, committed 5504K, reserved 1048576K
Event: 65.348 GC heap after
Heap after GC invocations=17 (full 2):
 PSYoungGen      total 656384K, used 4032K [0x00000000d5800000, 0x0000000100000000, 0x0000000100000000)
  eden space 619520K, 0% used [0x00000000d5800000,0x00000000d5800000,0x00000000fb500000)
  from space 36864K, 10% used [0x00000000fb500000,0x00000000fb8f0040,0x00000000fd900000)
  to   space 36864K, 0% used [0x00000000fdc00000,0x00000000fdc00000,0x0000000100000000)
 ParOldGen       total 126976K, used 54188K [0x0000000080800000, 0x0000000088400000, 0x00000000d5800000)
  object space 126976K, 42% used [0x0000000080800000,0x0000000083ceb350,0x0000000088400000)
 Metaspace       used 46737K, capacity 47494K, committed 48000K, reserved 1091584K
  class space    used 5235K, capacity 5385K, committed 5504K, reserved 1048576K
}
Event: 88.181 GC heap before
{Heap before GC invocations=18 (full 2):
 PSYoungGen      total 656384K, used 623552K [0x00000000d5800000, 0x0000000100000000, 0x0000000100000000)
  eden space 619520K, 100% used [0x00000000d5800000,0x00000000fb500000,0x00000000fb500000)
  from space 36864K, 10% used [0x00000000fb500000,0x00000000fb8f0040,0x00000000fd900000)
  to   space 36864K, 0% used [0x00000000fdc00000,0x00000000fdc00000,0x0000000100000000)
 ParOldGen       total 126976K, used 54188K [0x0000000080800000, 0x0000000088400000, 0x00000000d5800000)
  object space 126976K, 42% used [0x0000000080800000,0x0000000083ceb350,0x0000000088400000)
 Metaspace       used 46740K, capacity 47494K, committed 48000K, reserved 1091584K
  class space    used 5235K, capacity 5385K, committed 5504K, reserved 1048576K
Event: 88.184 GC heap after
Heap after GC invocations=18 (full 2):
 PSYoungGen      total 658432K, used 3793K [0x00000000d5800000, 0x00000000fff00000, 0x0000000100000000)
  eden space 622592K, 0% used [0x00000000d5800000,0x00000000d5800000,0x00000000fb800000)
  from space 35840K, 10% used [0x00000000fdc00000,0x00000000fdfb4718,0x00000000fff00000)
  to   space 36352K, 0% used [0x00000000fb800000,0x00000000fb800000,0x00000000fdb80000)
 ParOldGen       total 126976K, used 54196K [0x0000000080800000, 0x0000000088400000, 0x00000000d5800000)
  object space 126976K, 42% used [0x0000000080800000,0x0000000083ced350,0x0000000088400000)
 Metaspace       used 46740K, capacity 47494K, committed 48000K, reserved 1091584K
  class space    used 5235K, capacity 5385K, committed 5504K, reserved 1048576K
}

Deoptimization events (10 events):
Event: 56.802 Thread 0x0000000020bf7800 Uncommon trap: reason=class_check action=maybe_recompile pc=0x00000000028406f0 method=java.util.regex.Pattern$Slice.match(Ljava/util/regex/Matcher;ILjava/lang/CharSequence;)Z @ 49
Event: 56.802 Thread 0x0000000020bf7800 Uncommon trap: reason=class_check action=maybe_recompile pc=0x00000000028406f0 method=java.util.regex.Pattern$Slice.match(Ljava/util/regex/Matcher;ILjava/lang/CharSequence;)Z @ 49
Event: 56.802 Thread 0x0000000020bf7800 Uncommon trap: reason=class_check action=maybe_recompile pc=0x00000000028406f0 method=java.util.regex.Pattern$Slice.match(Ljava/util/regex/Matcher;ILjava/lang/CharSequence;)Z @ 49
Event: 56.802 Thread 0x0000000020bf7800 Uncommon trap: reason=class_check action=maybe_recompile pc=0x00000000028406f0 method=java.util.regex.Pattern$Slice.match(Ljava/util/regex/Matcher;ILjava/lang/CharSequence;)Z @ 49
Event: 56.803 Thread 0x0000000020bf7800 Uncommon trap: reason=class_check action=maybe_recompile pc=0x0000000003597e2c method=java.util.regex.Matcher.getSubSequence(II)Ljava/lang/CharSequence; @ 6
Event: 65.761 Thread 0x000000001e6b6800 Uncommon trap: reason=array_check action=maybe_recompile pc=0x0000000003a23d98 method=java.util.AbstractCollection.toArray([Ljava/lang/Object;)[Ljava/lang/Object; @ 119
Event: 65.777 Thread 0x000000001e6b6800 Uncommon trap: reason=array_check action=maybe_recompile pc=0x0000000003a23d98 method=java.util.AbstractCollection.toArray([Ljava/lang/Object;)[Ljava/lang/Object; @ 119
Event: 75.778 Thread 0x000000001e6b6800 Uncommon trap: reason=array_check action=maybe_recompile pc=0x0000000003a23d98 method=java.util.AbstractCollection.toArray([Ljava/lang/Object;)[Ljava/lang/Object; @ 119
Event: 75.778 Thread 0x000000001e6b6800 Uncommon trap: reason=array_check action=maybe_recompile pc=0x0000000003a23d98 method=java.util.AbstractCollection.toArray([Ljava/lang/Object;)[Ljava/lang/Object; @ 119
Event: 87.412 Thread 0x000000001e6b6800 Uncommon trap: reason=unstable_if action=reinterpret pc=0x0000000002eea570 method=java.io.ExpiringCache.entryFor(Ljava/lang/String;)Ljava/io/ExpiringCache$Entry; @ 39

Internal exceptions (10 events):
Event: 43.994 Thread 0x0000000020bfb000 Exception <a 'java/lang/ClassNotFoundException': org/apache/taglibs/standard/tag/rt/core/UrlTagBeanInfo> (0x00000000f50cb510) thrown at [C:\re\workspace\8-2-build-windows-amd64-cygwin\jdk8u91\7017\hotspot\src\share\vm\classfile\systemDictionary.cpp, line 2BÑïódÿE@
Event: 43.995 Thread 0x0000000020bfb000 Exception <a 'java/lang/ClassNotFoundException': org/apache/taglibs/standard/tag/common/core/UrlSupportBeanInfo> (0x00000000f5113f80) thrown at [C:\re\workspace\8-2-build-windows-amd64-cygwin\jdk8u91\7017\hotspot\src\share\vm\classfile\systemDictionary.cpp¶žk‹ÿE@
Event: 43.996 Thread 0x0000000020bfb000 Exception <a 'java/lang/ClassNotFoundException': org/apache/taglibs/standard/tag/common/core/UrlSupportCustomizer> (0x00000000f515d510) thrown at [C:\re\workspace\8-2-build-windows-amd64-cygwin\jdk8u91\7017\hotspot\src\share\vm\classfile\systemDictionary.cŸ‹Lj¹ÿE@
Event: 43.998 Thread 0x0000000020bfb000 Exception <a 'java/lang/ClassNotFoundException': org/apache/taglibs/standard/tag/rt/core/UrlTagCustomizer> (0x00000000f51a9cb8) thrown at [C:\re\workspace\8-2-build-windows-amd64-cygwin\jdk8u91\7017\hotspot\src\share\vm\classfile\systemDictionary.cpp, lineAn}¾F@
Event: 44.196 Thread 0x0000000020bfb000 Exception <a 'java/lang/ArrayIndexOutOfBoundsException': 91234> (0x00000000f62d89d0) thrown at [C:\re\workspace\8-2-build-windows-amd64-cygwin\jdk8u91\7017\hotspot\src\share\vm\interpreter\interpreterRuntime.cpp, line 366]
Event: 47.809 Thread 0x0000000020bf7800 Implicit null exception at 0x000000000361c00b to 0x000000000361d0e1
Event: 48.363 Thread 0x0000000020bf7800 Exception <a 'java/lang/ArrayIndexOutOfBoundsException': 98> (0x00000000fa266c68) thrown at [C:\re\workspace\8-2-build-windows-amd64-cygwin\jdk8u91\7017\hotspot\src\share\vm\interpreter\interpreterRuntime.cpp, line 366]
Event: 56.788 Thread 0x0000000020bf7800 Implicit null exception at 0x000000000394b1ab to 0x000000000394b64f
Event: 56.788 Thread 0x0000000020bf7800 Exception <a 'java/lang/NullPointerException'> (0x00000000d5d66320) thrown at [C:\re\workspace\8-2-build-windows-amd64-cygwin\jdk8u91\7017\hotspot\src\share\vm\runtime\sharedRuntime.cpp, line 605]
Event: 56.788 Thread 0x0000000020bf7800 Exception <a 'java/lang/reflect/InvocationTargetException'> (0x00000000d5d668f8) thrown at [C:\re\workspace\8-2-build-windows-amd64-cygwin\jdk8u91\7017\hotspot\src\share\vm\runtime\reflection.cpp, line 1092]

Events (10 events):
Event: 88.227 Thread 0x000000001965b000 flushing nmethod 0x0000000002e068d0
Event: 88.227 Thread 0x000000001965b000 flushing nmethod 0x0000000002edd310
Event: 88.227 Thread 0x000000001965b000 flushing nmethod 0x0000000002ee0ed0
Event: 88.227 Thread 0x000000001965b000 flushing nmethod 0x0000000002ee1d90
Event: 91.055 Executing VM operation: ChangeBreakpoints
Event: 91.055 Executing VM operation: ChangeBreakpoints done
Event: 91.055 Executing VM operation: ChangeBreakpoints
Event: 91.055 Executing VM operation: ChangeBreakpoints done
Event: 91.084 Executing VM operation: RedefineClasses
Event: 91.114 Executing VM operation: RedefineClasses done


Dynamic libraries:
0x00007ff7c7bc0000 - 0x00007ff7c7bf7000 	C:\Program Files\Java\jre1.8.0_91\bin\javaw.exe
0x00007fff35080000 - 0x00007fff35241000 	C:\WINDOWS\SYSTEM32\ntdll.dll
0x00007fff33440000 - 0x00007fff334ed000 	C:\WINDOWS\system32\KERNEL32.DLL
0x00007fff31730000 - 0x00007fff31918000 	C:\WINDOWS\system32\KERNELBASE.dll
0x00007fff34e90000 - 0x00007fff34f37000 	C:\WINDOWS\system32\ADVAPI32.dll
0x00007fff32480000 - 0x00007fff3251d000 	C:\WINDOWS\system32\msvcrt.dll
0x00007fff32d80000 - 0x00007fff32ddb000 	C:\WINDOWS\system32\sechost.dll
0x00007fff32c50000 - 0x00007fff32d6c000 	C:\WINDOWS\system32\RPCRT4.dll
0x00007fff332e0000 - 0x00007fff33436000 	C:\WINDOWS\system32\USER32.dll
0x00007fff34b90000 - 0x00007fff34d16000 	C:\WINDOWS\system32\GDI32.dll
0x00007fff2b7b0000 - 0x00007fff2ba24000 	C:\WINDOWS\WinSxS\amd64_microsoft.windows.common-controls_6595b64144ccf1df_6.0.10586.494_none_a2d8b04ea53e3145\COMCTL32.dll
0x00007fff32e50000 - 0x00007fff330cd000 	C:\WINDOWS\system32\combase.dll
0x00007fff31c60000 - 0x00007fff31cca000 	C:\WINDOWS\system32\bcryptPrimitives.dll
0x00007fff35020000 - 0x00007fff3505b000 	C:\WINDOWS\system32\IMM32.DLL
0x0000000056f60000 - 0x0000000057032000 	C:\Program Files\Java\jre1.8.0_91\bin\msvcr100.dll
0x0000000056490000 - 0x0000000056d23000 	C:\Program Files\Java\jre1.8.0_91\bin\server\jvm.dll
0x00007fff34fb0000 - 0x00007fff34fb8000 	C:\WINDOWS\system32\PSAPI.DLL
0x00007fff28c60000 - 0x00007fff28c69000 	C:\WINDOWS\SYSTEM32\WSOCK32.dll
0x00007fff2b010000 - 0x00007fff2b01a000 	C:\WINDOWS\SYSTEM32\VERSION.dll
0x00007fff2f3c0000 - 0x00007fff2f3e3000 	C:\WINDOWS\SYSTEM32\WINMM.dll
0x00007fff34b20000 - 0x00007fff34b8b000 	C:\WINDOWS\system32\WS2_32.dll
0x0000000002470000 - 0x000000000249c000 	C:\WINDOWS\SYSTEM32\WINMMBASE.dll
0x00007fff31c10000 - 0x00007fff31c53000 	C:\WINDOWS\system32\cfgmgr32.dll
0x0000000056480000 - 0x000000005648f000 	C:\Program Files\Java\jre1.8.0_91\bin\verify.dll
0x0000000056450000 - 0x0000000056479000 	C:\Program Files\Java\jre1.8.0_91\bin\java.dll
0x0000000056f20000 - 0x0000000056f55000 	C:\Program Files\Java\jre1.8.0_91\bin\jdwp.dll
0x0000000056f10000 - 0x0000000056f18000 	C:\Program Files\Java\jre1.8.0_91\bin\npt.dll
0x0000000056430000 - 0x0000000056446000 	C:\Program Files\Java\jre1.8.0_91\bin\zip.dll
0x00007fff335c0000 - 0x00007fff34b1c000 	C:\WINDOWS\system32\SHELL32.dll
0x00007fff31d80000 - 0x00007fff323c5000 	C:\WINDOWS\system32\windows.storage.dll
0x00007fff34d20000 - 0x00007fff34d72000 	C:\WINDOWS\system32\shlwapi.dll
0x00007fff31720000 - 0x00007fff3172f000 	C:\WINDOWS\system32\kernel.appcore.dll
0x00007fff31b50000 - 0x00007fff31c05000 	C:\WINDOWS\system32\shcore.dll
0x00007fff316d0000 - 0x00007fff3171b000 	C:\WINDOWS\system32\powrprof.dll
0x00007fff316b0000 - 0x00007fff316c4000 	C:\WINDOWS\system32\profapi.dll
0x0000000056f00000 - 0x0000000056f09000 	C:\Program Files\Java\jre1.8.0_91\bin\dt_socket.dll
0x00007fff24100000 - 0x00007fff24116000 	C:\WINDOWS\system32\napinsp.dll
0x00007fff24120000 - 0x00007fff2413a000 	C:\WINDOWS\system32\pnrpnsp.dll
0x00007fff2e9f0000 - 0x00007fff2ea08000 	C:\WINDOWS\system32\NLAapi.dll
0x00007fff30f70000 - 0x00007fff30fcc000 	C:\WINDOWS\System32\mswsock.dll
0x00007fff30000000 - 0x00007fff300aa000 	C:\WINDOWS\SYSTEM32\DNSAPI.dll
0x00007fff32d70000 - 0x00007fff32d78000 	C:\WINDOWS\system32\NSI.dll
0x00007fff24da0000 - 0x00007fff24dad000 	C:\WINDOWS\System32\winrnr.dll
0x00007fff24140000 - 0x00007fff24155000 	C:\WINDOWS\System32\wshbth.dll
0x00007fff2c580000 - 0x00007fff2c5e7000 	C:\WINDOWS\System32\fwpuclnt.dll
0x00007fff315e0000 - 0x00007fff31609000 	C:\WINDOWS\SYSTEM32\bcrypt.dll
0x00007fff27630000 - 0x00007fff2763a000 	C:\Windows\System32\rasadhlp.dll
0x0000000056270000 - 0x000000005627d000 	C:\Program Files\Java\jre1.8.0_91\bin\management.dll
0x0000000056410000 - 0x000000005642a000 	C:\Program Files\Java\jre1.8.0_91\bin\net.dll
0x00000000563f0000 - 0x0000000056401000 	C:\Program Files\Java\jre1.8.0_91\bin\nio.dll
0x00000000563c0000 - 0x00000000563e4000 	C:\Program Files\Java\jre1.8.0_91\bin\sunec.dll
0x0000000056ef0000 - 0x0000000056efb000 	C:\Program Files\Java\jre1.8.0_91\bin\sunmscapi.dll
0x00007fff31980000 - 0x00007fff31b48000 	C:\WINDOWS\system32\CRYPT32.dll
0x00007fff316a0000 - 0x00007fff316b0000 	C:\WINDOWS\system32\MSASN1.dll
0x00007fff31020000 - 0x00007fff31037000 	C:\WINDOWS\SYSTEM32\CRYPTSP.dll
0x00007fff30cb0000 - 0x00007fff30ce4000 	C:\WINDOWS\system32\rsaenh.dll
0x00007fff30e00000 - 0x00007fff30e1f000 	C:\WINDOWS\SYSTEM32\USERENV.dll
0x00007fff31140000 - 0x00007fff3114b000 	C:\WINDOWS\SYSTEM32\CRYPTBASE.dll
0x00007fff2ec90000 - 0x00007fff2ecc8000 	C:\WINDOWS\SYSTEM32\IPHLPAPI.DLL
0x00007fff2c4e0000 - 0x00007fff2c4f6000 	C:\WINDOWS\SYSTEM32\dhcpcsvc6.DLL
0x00007fff2c480000 - 0x00007fff2c49a000 	C:\WINDOWS\SYSTEM32\dhcpcsvc.DLL
0x00007fff289d0000 - 0x00007fff28b5c000 	C:\WINDOWS\SYSTEM32\dbghelp.dll

VM Arguments:
jvm_args: -agentlib:jdwp=transport=dt_socket,suspend=y,address=localhost:58830 -Dcatalina.base=C:\Users\Owner\workspace_Mars\.metadata\.plugins\org.eclipse.wst.server.core\tmp0 -Dcatalina.home=C:\Users\Owner\Downloads\apache-tomcat-8.0.15-windows-x64\apache-tomcat-8.0.15 -Dwtp.deploy=C:\Users\Owner\workspace_Mars\.metadata\.plugins\org.eclipse.wst.server.core\tmp0\wtpwebapps -Djava.endorsed.dirs=C:\Users\Owner\Downloads\apache-tomcat-8.0.15-windows-x64\apache-tomcat-8.0.15\endorsed -Dfile.encoding=Cp1252 
java_command: org.apache.catalina.startup.Bootstrap start
java_class_path (initial): C:\Users\Owner\Downloads\apache-tomcat-8.0.15-windows-x64\apache-tomcat-8.0.15\bin\bootstrap.jar;C:\Users\Owner\Downloads\apache-tomcat-8.0.15-windows-x64\apache-tomcat-8.0.15\bin\tomcat-juli.jar
Launcher Type: SUN_STANDARD

Environment Variables:
PATH=C:/Program Files/Java/jre1.8.0_91/bin/server;C:/Program Files/Java/jre1.8.0_91/bin;C:/Program Files/Java/jre1.8.0_91/lib/amd64;C:\ProgramData\Oracle\Java\javapath;c:\Program Files (x86)\Intel\iCLS Client\;c:\Program Files\Intel\iCLS Client\;c:\Program Files (x86)\AMD APP\bin\x86_64;c:\Program Files (x86)\AMD APP\bin\x86;C:\WINDOWS\system32;C:\WINDOWS;C:\WINDOWS\System32\Wbem;C:\WINDOWS\System32\WindowsPowerShell\v1.0\;c:\Program Files (x86)\ATI Technologies\ATI.ACE\Core-Static;C:\Program Files\Intel\Intel(R) Management Engine Components\DAL;C:\Program Files\Intel\Intel(R) Management Engine Components\IPT;C:\Program Files (x86)\Intel\Intel(R) Management Engine Components\DAL;C:\Program Files (x86)\Intel\Intel(R) Management Engine Components\IPT;C:\Program Files (x86)\Windows Live\Shared;C:\Program Files\Microsoft SQL Server\110\Tools\Binn\;C:\Program Files (x86)\Microsoft SDKs\TypeScript\1.0\;C:\Program Files\TortoiseHg\;C:\Program Files (x86)\ATI Technologies\ATI.ACE\Core-Static;C:\Program Files\MySQL\MySQL Server 5.7\bin;C:\Program Files (x86)\MySQL\MySQL Fabric 1.5 & MySQL Utilities 1.5\;C:\Program Files (x86)\MySQL\MySQL Fabric 1.5 & MySQL Utilities 1.5\Doctrine extensions for PHP\;C:\Users\Owner\Desktop;
USERNAME=Owner
OS=Windows_NT
PROCESSOR_IDENTIFIER=Intel64 Family 6 Model 58 Stepping 9, GenuineIntel



---------------  S Y S T E M  ---------------

OS: Windows 10.0 , 64 bit Build 10586 (10.0.10586.0)

CPU:total 8 (4 cores per cpu, 2 threads per core) family 6 model 58 stepping 9, cmov, cx8, fxsr, mmx, sse, sse2, sse3, ssse3, sse4.1, sse4.2, popcnt, avx, aes, clmul, erms, ht, tsc, tscinvbit, tscinv

Memory: 4k page, physical 8348632k(4295640k free), swap 9659352k(4008000k free)

vm_info: Java HotSpot(TM) 64-Bit Server VM (25.91-b15) for windows-amd64 JRE (1.8.0_91-b15), built on May 20 2016 17:43:15 by "java_re" with MS VC++ 10.0 (VS2010)

time: Thu Jul 21 18:12:55 2016
elapsed time: 91 seconds (0d 0h 1m 31s)

