#
# A fatal error has been detected by the Java Runtime Environment:
#
#  EXCEPTION_ACCESS_VIOLATION (0xc0000005) at pc=0x00000000565b8f45, pid=9888, tid=8664
#
# JRE version: Java(TM) SE Runtime Environment (8.0_91-b15) (build 1.8.0_91-b15)
# Java VM: Java HotSpot(TM) 64-Bit Server VM (25.91-b15 mixed mode windows-amd64 compressed oops)
# Problematic frame:
# V  [jvm.dll+0x128f45]
#
# Failed to write core dump. Minidumps are not enabled by default on client versions of Windows
#
# If you would like to submit a bug report, please visit:
#   http://bugreport.java.com/bugreport/crash.jsp
#

---------------  T H R E A D  ---------------

Current thread (0x000000001a290000):  JavaThread "JDWP Transport Listener: dt_socket" daemon [_thread_in_vm, id=8664, stack(0x000000001ad90000,0x000000001ae90000)]

siginfo: ExceptionCode=0xc0000005, reading address 0xffffffffffffffff

Registers:
RAX=0x000000001ae8f501, RBX=0x000000001a290000, RCX=0x614d79747265706f, RDX=0x0000000000000000
RSP=0x000000001ae8f4b0, RBP=0x614d79747265706f, RSI=0x000000001ae8f5c8, RDI=0x0000000001a49d00
R8 =0x000000001a290000, R9 =0x0000000000000000, R10=0x0000000000000000, R11=0x0000000000000064
R12=0x0000000000000000, R13=0x000000001a29b038, R14=0x0000000000000000, R15=0x0000000000000000
RIP=0x00000000565b8f45, EFLAGS=0x0000000000010206

Top of Stack: (sp=0x000000001ae8f4b0)
0x000000001ae8f4b0:   000000001a290000 000000001a290000
0x000000001ae8f4c0:   000000001ae8f578 00000000567bf32b
0x000000001ae8f4d0:   000000001a290000 00000000567dbb8d
0x000000001ae8f4e0:   0000000000000000 00000000562b9155
0x000000001ae8f4f0:   000000001be70220 00000000562c291e
0x000000001ae8f500:   000000001a290000 0000000000000000
0x000000001ae8f510:   0000000000000000 0000000000000000
0x000000001ae8f520:   614d79747265706f 00000000562c1a15
0x000000001ae8f530:   000000001ae8f5c8 000000001ae8f5a0
0x000000001ae8f540:   0000000000000001 000000001be70220
0x000000001ae8f550:   614d79747265706f 00000000562a53b3
0x000000001ae8f560:   000000001ae8f690 0000000000000001
0x000000001ae8f570:   0000000000000001 000000001be70220
0x000000001ae8f580:   0000000000000001 0000000000000000
0x000000001ae8f590:   0000000000000000 0000000000000000
0x000000001ae8f5a0:   0000000000000001 00000000562a5571 

Instructions: (pc=0x00000000565b8f45)
0x00000000565b8f25:   cc cc cc cc cc cc cc cc cc cc cc 48 83 ec 28 48
0x00000000565b8f35:   85 c9 75 07 33 c0 48 83 c4 28 c3 48 89 5c 24 20
0x00000000565b8f45:   48 8b 19 48 85 db 74 20 48 83 fb 37 74 1a 48 8b
0x00000000565b8f55:   13 48 8b cb ff 52 10 84 c0 74 0d 48 8b c3 48 8b 


Register to memory mapping:

RAX=0x000000001ae8f501 is pointing into the stack for thread: 0x000000001a290000
RBX=0x000000001a290000 is a thread
RCX=0x614d79747265706f is an unknown value
RDX=0x0000000000000000 is an unknown value
RSP=0x000000001ae8f4b0 is pointing into the stack for thread: 0x000000001a290000
RBP=0x614d79747265706f is an unknown value
RSI=0x000000001ae8f5c8 is pointing into the stack for thread: 0x000000001a290000
RDI=0x0000000001a49d00 is an unknown value
R8 =0x000000001a290000 is a thread
R9 =0x0000000000000000 is an unknown value
R10=0x0000000000000000 is an unknown value
R11=0x0000000000000064 is an unknown value
R12=0x0000000000000000 is an unknown value
R13=0x000000001a29b038 is an unknown value
R14=0x0000000000000000 is an unknown value
R15=0x0000000000000000 is an unknown value


Stack: [0x000000001ad90000,0x000000001ae90000],  sp=0x000000001ae8f4b0,  free space=1021k
Native frames: (J=compiled Java code, j=interpreted, Vv=VM code, C=native code)
V  [jvm.dll+0x128f45]
V  [jvm.dll+0x34bb8d]
C  [jdwp.dll+0x21a15]
C  [jdwp.dll+0x53b3]
C  [jdwp.dll+0x5571]
C  [jdwp.dll+0xf0a8]
C  [jdwp.dll+0x1f2d5]
C  [jdwp.dll+0x1f4aa]
V  [jvm.dll+0x1bbf38]
V  [jvm.dll+0x243ae4]
V  [jvm.dll+0x29a99a]
C  [msvcr100.dll+0x21d9f]
C  [msvcr100.dll+0x21e3b]
C  [KERNEL32.DLL+0x18102]
C  [ntdll.dll+0x5c5b4]


---------------  P R O C E S S  ---------------

Java Threads: ( => current thread )
  0x000000001b829000 JavaThread "Rate Limited Dispatcher" daemon [_thread_blocked, id=6904, stack(0x0000000027d70000,0x0000000027e70000)]
  0x000000001b827800 JavaThread "Thread-6" daemon [_thread_blocked, id=2480, stack(0x0000000027c70000,0x0000000027d70000)]
  0x000000001b826000 JavaThread "OkHttp ConnectionPool" daemon [_thread_blocked, id=10504, stack(0x0000000027770000,0x0000000027870000)]
  0x000000001b824800 JavaThread "Thread-5" daemon [_thread_blocked, id=952, stack(0x0000000027570000,0x0000000027670000)]
  0x000000001b823800 JavaThread "http-nio-8080-exec-10" daemon [_thread_blocked, id=4564, stack(0x0000000027470000,0x0000000027570000)]
  0x000000001b825000 JavaThread "http-nio-8080-exec-9" daemon [_thread_blocked, id=4032, stack(0x0000000027370000,0x0000000027470000)]
  0x000000001b823000 JavaThread "http-nio-8080-exec-8" daemon [_thread_blocked, id=5364, stack(0x0000000027270000,0x0000000027370000)]
  0x000000001b81b800 JavaThread "http-nio-8080-exec-7" daemon [_thread_blocked, id=9244, stack(0x0000000027170000,0x0000000027270000)]
  0x000000001b81f000 JavaThread "http-nio-8080-exec-6" daemon [_thread_blocked, id=396, stack(0x0000000027070000,0x0000000027170000)]
  0x000000001b822000 JavaThread "http-nio-8080-exec-4" daemon [_thread_blocked, id=9276, stack(0x0000000026f70000,0x0000000027070000)]
  0x000000001b821800 JavaThread "http-nio-8080-exec-5" daemon [_thread_blocked, id=1984, stack(0x0000000026e70000,0x0000000026f70000)]
  0x000000001b820000 JavaThread "http-nio-8080-exec-3" daemon [_thread_blocked, id=6548, stack(0x0000000026d70000,0x0000000026e70000)]
  0x000000001b819800 JavaThread "MySQL Statement Cancellation Timer" daemon [_thread_blocked, id=116, stack(0x0000000026750000,0x0000000026850000)]
  0x000000001b81e800 JavaThread "http-nio-8080-exec-2" daemon [_thread_blocked, id=8624, stack(0x0000000026450000,0x0000000026550000)]
  0x000000001b81d000 JavaThread "http-nio-8080-exec-1" daemon [_thread_blocked, id=3120, stack(0x0000000026350000,0x0000000026450000)]
  0x000000001b81a800 JavaThread "ajp-nio-8009-Acceptor-0" daemon [_thread_in_native, id=8868, stack(0x0000000026250000,0x0000000026350000)]
  0x000000001b820800 JavaThread "ajp-nio-8009-ClientPoller-1" daemon [_thread_in_native, id=3416, stack(0x0000000026150000,0x0000000026250000)]
  0x000000001b81d800 JavaThread "ajp-nio-8009-ClientPoller-0" daemon [_thread_in_native, id=3016, stack(0x0000000026050000,0x0000000026150000)]
  0x000000001b9af800 JavaThread "http-nio-8080-Acceptor-0" daemon [_thread_in_native, id=1396, stack(0x0000000023a70000,0x0000000023b70000)]
  0x000000001b9ac000 JavaThread "http-nio-8080-ClientPoller-1" daemon [_thread_in_native, id=7692, stack(0x0000000020150000,0x0000000020250000)]
  0x000000001b9b2000 JavaThread "http-nio-8080-ClientPoller-0" daemon [_thread_in_native, id=10632, stack(0x000000001fc30000,0x000000001fd30000)]
  0x000000001b9ae000 JavaThread "ContainerBackgroundProcessor[StandardEngine[Catalina]]" daemon [_thread_blocked, id=1412, stack(0x000000001eb10000,0x000000001ec10000)]
  0x000000001b9ad800 JavaThread "NioBlockingSelector.BlockPoller-2" daemon [_thread_in_native, id=9800, stack(0x000000001d460000,0x000000001d560000)]
  0x000000001b9ab000 JavaThread "NioBlockingSelector.BlockPoller-1" daemon [_thread_in_native, id=3632, stack(0x000000001d360000,0x000000001d460000)]
  0x000000001bfb6800 JavaThread "GC Daemon" daemon [_thread_blocked, id=10200, stack(0x000000001d060000,0x000000001d160000)]
  0x000000001a335000 JavaThread "Service Thread" daemon [_thread_blocked, id=8288, stack(0x000000001b490000,0x000000001b590000)]
  0x000000001a2ba800 JavaThread "C1 CompilerThread3" daemon [_thread_blocked, id=6908, stack(0x000000001b390000,0x000000001b490000)]
  0x000000001a2ba000 JavaThread "C2 CompilerThread2" daemon [_thread_blocked, id=9940, stack(0x000000001b290000,0x000000001b390000)]
  0x000000001a2b9000 JavaThread "C2 CompilerThread1" daemon [_thread_blocked, id=4840, stack(0x000000001b190000,0x000000001b290000)]
  0x000000001a2b1800 JavaThread "C2 CompilerThread0" daemon [_thread_blocked, id=1132, stack(0x000000001b090000,0x000000001b190000)]
  0x000000001a2a2800 JavaThread "JDWP Command Reader" daemon [_thread_in_native, id=9988, stack(0x000000001af90000,0x000000001b090000)]
  0x000000001a29d000 JavaThread "JDWP Event Helper Thread" daemon [_thread_blocked, id=5720, stack(0x000000001ae90000,0x000000001af90000)]
=>0x000000001a290000 JavaThread "JDWP Transport Listener: dt_socket" daemon [_thread_in_vm, id=8664, stack(0x000000001ad90000,0x000000001ae90000)]
  0x000000001a289000 JavaThread "Attach Listener" daemon [_thread_blocked, id=7836, stack(0x000000001a950000,0x000000001aa50000)]
  0x000000001a288000 JavaThread "Signal Dispatcher" daemon [_thread_blocked, id=8492, stack(0x000000001a850000,0x000000001a950000)]
  0x000000001a280800 JavaThread "Finalizer" daemon [_thread_blocked, id=3240, stack(0x000000001a660000,0x000000001a760000)]
  0x000000001836d000 JavaThread "Reference Handler" daemon [_thread_blocked, id=10712, stack(0x000000001a160000,0x000000001a260000)]
  0x0000000003212800 JavaThread "main" [_thread_in_native, id=9088, stack(0x0000000003100000,0x0000000003200000)]

Other Threads:
  0x000000001836b000 VMThread [stack: 0x000000001a060000,0x000000001a160000] [id=9936]
  0x000000001a368000 WatcherThread [stack: 0x000000001b590000,0x000000001b690000] [id=9028]

VM state:not at safepoint (normal execution)

VM Mutex/Monitor currently owned by a thread: None

Heap:
 PSYoungGen      total 658432K, used 140248K [0x00000000d5800000, 0x0000000100000000, 0x0000000100000000)
  eden space 620544K, 22% used [0x00000000d5800000,0x00000000de096130,0x00000000fb600000)
  from space 37888K, 1% used [0x00000000fdb00000,0x00000000fdb60000,0x0000000100000000)
  to   space 37888K, 0% used [0x00000000fb600000,0x00000000fb600000,0x00000000fdb00000)
 ParOldGen       total 129536K, used 55938K [0x0000000080800000, 0x0000000088680000, 0x00000000d5800000)
  object space 129536K, 43% used [0x0000000080800000,0x0000000083ea0ad0,0x0000000088680000)
 Metaspace       used 40639K, capacity 41350K, committed 41600K, reserved 1085440K
  class space    used 4774K, capacity 4937K, committed 4992K, reserved 1048576K

Card table byte_map: [0x00000000126e0000,0x0000000012ae0000] byte_map_base: 0x00000000122dc000

Marking Bits: (ParMarkBitMap*) 0x0000000056ca2f70
 Begin Bits: [0x0000000013590000, 0x0000000015570000)
 End Bits:   [0x0000000015570000, 0x0000000017550000)

Polling page: 0x0000000003030000

CodeCache: size=245760Kb used=16195Kb max_used=16250Kb free=229564Kb
 bounds [0x0000000003320000, 0x0000000004320000, 0x0000000012320000]
 total_blobs=4752 nmethods=4236 adapters=435
 compilation: enabled

Compilation events (10 events):
Event: 72.304 Thread 0x000000001a2ba800 5117       3       sun.nio.ch.SelectorImpl::keys (28 bytes)
Event: 72.304 Thread 0x000000001a2ba800 nmethod 5117 0x000000000347c550 code [0x000000000347c6e0, 0x000000000347cb98]
Event: 75.336 Thread 0x000000001a2ba800 5118       3       java.util.concurrent.ConcurrentHashMap$ValueIterator::next (34 bytes)
Event: 75.336 Thread 0x000000001a2ba800 nmethod 5118 0x00000000034a9610 code [0x00000000034a97a0, 0x00000000034a9ad8]
Event: 76.921 Thread 0x000000001a2b9000 5119       4       java.util.AbstractCollection::toArray (147 bytes)
Event: 76.924 Thread 0x000000001a2b9000 nmethod 5119 0x0000000003522350 code [0x00000000035224a0, 0x0000000003522778]
Event: 82.732 Thread 0x000000001a2ba800 5120       3       org.apache.tomcat.util.net.NioBlockingSelector$BlockPoller::events (48 bytes)
Event: 82.733 Thread 0x000000001a2ba800 nmethod 5120 0x0000000003523450 code [0x0000000003523600, 0x0000000003523d18]
Event: 82.733 Thread 0x000000001a2ba800 5121  s    3       org.apache.tomcat.util.collections.SynchronizedQueue::size (23 bytes)
Event: 82.734 Thread 0x000000001a2ba800 nmethod 5121 0x0000000003519810 code [0x0000000003519960, 0x0000000003519c70]

GC Heap History (10 events):
Event: 8.225 GC heap before
{Heap before GC invocations=14 (full 2):
 PSYoungGen      total 607232K, used 24680K [0x00000000d5800000, 0x00000000ff480000, 0x0000000100000000)
  eden space 582144K, 0% used [0x00000000d5800000,0x00000000d5800000,0x00000000f9080000)
  from space 25088K, 98% used [0x00000000fdc00000,0x00000000ff41a118,0x00000000ff480000)
  to   space 37888K, 0% used [0x00000000faa80000,0x00000000faa80000,0x00000000fcf80000)
 ParOldGen       total 95232K, used 36429K [0x0000000080800000, 0x0000000086500000, 0x00000000d5800000)
  object space 95232K, 38% used [0x0000000080800000,0x0000000082b93460,0x0000000086500000)
 Metaspace       used 34723K, capacity 35176K, committed 35416K, reserved 1081344K
  class space    used 4139K, capacity 4288K, committed 4352K, reserved 1048576K
Event: 8.277 GC heap after
Heap after GC invocations=14 (full 2):
 PSYoungGen      total 607232K, used 0K [0x00000000d5800000, 0x00000000ff480000, 0x0000000100000000)
  eden space 582144K, 0% used [0x00000000d5800000,0x00000000d5800000,0x00000000f9080000)
  from space 25088K, 0% used [0x00000000fdc00000,0x00000000fdc00000,0x00000000ff480000)
  to   space 37888K, 0% used [0x00000000faa80000,0x00000000faa80000,0x00000000fcf80000)
 ParOldGen       total 129536K, used 52162K [0x0000000080800000, 0x0000000088680000, 0x00000000d5800000)
  object space 129536K, 40% used [0x0000000080800000,0x0000000083af0948,0x0000000088680000)
 Metaspace       used 34723K, capacity 35176K, committed 35416K, reserved 1081344K
  class space    used 4139K, capacity 4288K, committed 4352K, reserved 1048576K
}
Event: 29.605 GC heap before
{Heap before GC invocations=15 (full 2):
 PSYoungGen      total 607232K, used 582144K [0x00000000d5800000, 0x00000000ff480000, 0x0000000100000000)
  eden space 582144K, 100% used [0x00000000d5800000,0x00000000f9080000,0x00000000f9080000)
  from space 25088K, 0% used [0x00000000fdc00000,0x00000000fdc00000,0x00000000ff480000)
  to   space 37888K, 0% used [0x00000000faa80000,0x00000000faa80000,0x00000000fcf80000)
 ParOldGen       total 129536K, used 52162K [0x0000000080800000, 0x0000000088680000, 0x00000000d5800000)
  object space 129536K, 40% used [0x0000000080800000,0x0000000083af0948,0x0000000088680000)
 Metaspace       used 40509K, capacity 41286K, committed 41600K, reserved 1085440K
  class space    used 4773K, capacity 4937K, committed 4992K, reserved 1048576K
Event: 29.612 GC heap after
Heap after GC invocations=15 (full 2):
 PSYoungGen      total 646656K, used 8888K [0x00000000d5800000, 0x0000000100000000, 0x0000000100000000)
  eden space 608768K, 0% used [0x00000000d5800000,0x00000000d5800000,0x00000000faa80000)
  from space 37888K, 23% used [0x00000000faa80000,0x00000000fb32e090,0x00000000fcf80000)
  to   space 37376K, 0% used [0x00000000fdb80000,0x00000000fdb80000,0x0000000100000000)
 ParOldGen       total 129536K, used 52170K [0x0000000080800000, 0x0000000088680000, 0x00000000d5800000)
  object space 129536K, 40% used [0x0000000080800000,0x0000000083af2948,0x0000000088680000)
 Metaspace       used 40509K, capacity 41286K, committed 41600K, reserved 1085440K
  class space    used 4773K, capacity 4937K, committed 4992K, reserved 1048576K
}
Event: 52.357 GC heap before
{Heap before GC invocations=16 (full 2):
 PSYoungGen      total 646656K, used 617656K [0x00000000d5800000, 0x0000000100000000, 0x0000000100000000)
  eden space 608768K, 100% used [0x00000000d5800000,0x00000000faa80000,0x00000000faa80000)
  from space 37888K, 23% used [0x00000000faa80000,0x00000000fb32e090,0x00000000fcf80000)
  to   space 37376K, 0% used [0x00000000fdb80000,0x00000000fdb80000,0x0000000100000000)
 ParOldGen       total 129536K, used 52170K [0x0000000080800000, 0x0000000088680000, 0x00000000d5800000)
  object space 129536K, 40% used [0x0000000080800000,0x0000000083af2948,0x0000000088680000)
 Metaspace       used 40513K, capacity 41286K, committed 41600K, reserved 1085440K
  class space    used 4773K, capacity 4937K, committed 4992K, reserved 1048576K
Event: 52.360 GC heap after
Heap after GC invocations=16 (full 2):
 PSYoungGen      total 657920K, used 288K [0x00000000d5800000, 0x0000000100000000, 0x0000000100000000)
  eden space 620544K, 0% used [0x00000000d5800000,0x00000000d5800000,0x00000000fb600000)
  from space 37376K, 0% used [0x00000000fdb80000,0x00000000fdbc8000,0x0000000100000000)
  to   space 37888K, 0% used [0x00000000fb600000,0x00000000fb600000,0x00000000fdb00000)
 ParOldGen       total 129536K, used 55930K [0x0000000080800000, 0x0000000088680000, 0x00000000d5800000)
  object space 129536K, 43% used [0x0000000080800000,0x0000000083e9ead0,0x0000000088680000)
 Metaspace       used 40513K, capacity 41286K, committed 41600K, reserved 1085440K
  class space    used 4773K, capacity 4937K, committed 4992K, reserved 1048576K
}
Event: 65.099 GC heap before
{Heap before GC invocations=17 (full 2):
 PSYoungGen      total 657920K, used 620832K [0x00000000d5800000, 0x0000000100000000, 0x0000000100000000)
  eden space 620544K, 100% used [0x00000000d5800000,0x00000000fb600000,0x00000000fb600000)
  from space 37376K, 0% used [0x00000000fdb80000,0x00000000fdbc8000,0x0000000100000000)
  to   space 37888K, 0% used [0x00000000fb600000,0x00000000fb600000,0x00000000fdb00000)
 ParOldGen       total 129536K, used 55930K [0x0000000080800000, 0x0000000088680000, 0x00000000d5800000)
  object space 129536K, 43% used [0x0000000080800000,0x0000000083e9ead0,0x0000000088680000)
 Metaspace       used 40622K, capacity 41350K, committed 41600K, reserved 1085440K
  class space    used 4773K, capacity 4937K, committed 4992K, reserved 1048576K
Event: 65.102 GC heap after
Heap after GC invocations=17 (full 2):
 PSYoungGen      total 658432K, used 1120K [0x00000000d5800000, 0x0000000100000000, 0x0000000100000000)
  eden space 620544K, 0% used [0x00000000d5800000,0x00000000d5800000,0x00000000fb600000)
  from space 37888K, 2% used [0x00000000fb600000,0x00000000fb718000,0x00000000fdb00000)
  to   space 37888K, 0% used [0x00000000fdb00000,0x00000000fdb00000,0x0000000100000000)
 ParOldGen       total 129536K, used 55938K [0x0000000080800000, 0x0000000088680000, 0x00000000d5800000)
  object space 129536K, 43% used [0x0000000080800000,0x0000000083ea0ad0,0x0000000088680000)
 Metaspace       used 40622K, capacity 41350K, committed 41600K, reserved 1085440K
  class space    used 4773K, capacity 4937K, committed 4992K, reserved 1048576K
}
Event: 87.916 GC heap before
{Heap before GC invocations=18 (full 2):
 PSYoungGen      total 658432K, used 621664K [0x00000000d5800000, 0x0000000100000000, 0x0000000100000000)
  eden space 620544K, 100% used [0x00000000d5800000,0x00000000fb600000,0x00000000fb600000)
  from space 37888K, 2% used [0x00000000fb600000,0x00000000fb718000,0x00000000fdb00000)
  to   space 37888K, 0% used [0x00000000fdb00000,0x00000000fdb00000,0x0000000100000000)
 ParOldGen       total 129536K, used 55938K [0x0000000080800000, 0x0000000088680000, 0x00000000d5800000)
  object space 129536K, 43% used [0x0000000080800000,0x0000000083ea0ad0,0x0000000088680000)
 Metaspace       used 40625K, capacity 41350K, committed 41600K, reserved 1085440K
  class space    used 4774K, capacity 4937K, committed 4992K, reserved 1048576K
Event: 87.918 GC heap after
Heap after GC invocations=18 (full 2):
 PSYoungGen      total 658432K, used 384K [0x00000000d5800000, 0x0000000100000000, 0x0000000100000000)
  eden space 620544K, 0% used [0x00000000d5800000,0x00000000d5800000,0x00000000fb600000)
  from space 37888K, 1% used [0x00000000fdb00000,0x00000000fdb60000,0x0000000100000000)
  to   space 37888K, 0% used [0x00000000fb600000,0x00000000fb600000,0x00000000fdb00000)
 ParOldGen       total 129536K, used 55938K [0x0000000080800000, 0x0000000088680000, 0x00000000d5800000)
  object space 129536K, 43% used [0x0000000080800000,0x0000000083ea0ad0,0x0000000088680000)
 Metaspace       used 40625K, capacity 41350K, committed 41600K, reserved 1085440K
  class space    used 4774K, capacity 4937K, committed 4992K, reserved 1048576K
}

Deoptimization events (10 events):
Event: 25.927 Thread 0x000000001b823800 Uncommon trap: reason=class_check action=maybe_recompile pc=0x0000000003f9f0c0 method=java.util.regex.Matcher.getTextLength()I @ 4
Event: 25.928 Thread 0x000000001b823800 Uncommon trap: reason=class_check action=maybe_recompile pc=0x0000000003440770 method=java.util.regex.Pattern$Slice.match(Ljava/util/regex/Matcher;ILjava/lang/CharSequence;)Z @ 49
Event: 25.928 Thread 0x000000001b823800 Uncommon trap: reason=class_check action=maybe_recompile pc=0x0000000003440770 method=java.util.regex.Pattern$Slice.match(Ljava/util/regex/Matcher;ILjava/lang/CharSequence;)Z @ 49
Event: 25.928 Thread 0x000000001b823800 Uncommon trap: reason=class_check action=maybe_recompile pc=0x0000000003440770 method=java.util.regex.Pattern$Slice.match(Ljava/util/regex/Matcher;ILjava/lang/CharSequence;)Z @ 49
Event: 25.928 Thread 0x000000001b823800 Uncommon trap: reason=class_check action=maybe_recompile pc=0x0000000003440770 method=java.util.regex.Pattern$Slice.match(Ljava/util/regex/Matcher;ILjava/lang/CharSequence;)Z @ 49
Event: 30.106 Thread 0x000000001b9ae000 Uncommon trap: reason=unstable_if action=reinterpret pc=0x0000000003a4a5d4 method=java.io.ExpiringCache.entryFor(Ljava/lang/String;)Ljava/io/ExpiringCache$Entry; @ 39
Event: 32.227 Thread 0x000000001b9b2000 Uncommon trap: reason=unstable_if action=reinterpret pc=0x0000000003e63970 method=java.util.HashMap$HashIterator.<init>(Ljava/util/HashMap;)V @ 45
Event: 40.632 Thread 0x000000001b9ae000 Uncommon trap: reason=unstable_if action=reinterpret pc=0x0000000003ac91b0 method=java.io.ExpiringCache.entryFor(Ljava/lang/String;)Ljava/io/ExpiringCache$Entry; @ 39
Event: 57.869 Thread 0x000000001b829000 Uncommon trap: reason=bimorphic action=maybe_recompile pc=0x0000000003f3e538 method=java.net.URL.<init>(Ljava/net/URL;Ljava/lang/String;Ljava/net/URLStreamHandler;)V @ 504
Event: 86.922 Thread 0x000000001b9ae000 Uncommon trap: reason=predicate action=maybe_recompile pc=0x00000000035226fc method=java.util.AbstractCollection.toArray([Ljava/lang/Object;)[Ljava/lang/Object; @ 49

Internal exceptions (10 events):
Event: 8.562 Thread 0x000000001b81e800 Exception <a 'java/lang/ArrayIndexOutOfBoundsException': 52> (0x00000000d7977b50) thrown at [C:\re\workspace\8-2-build-windows-amd64-cygwin\jdk8u91\7017\hotspot\src\share\vm\interpreter\interpreterRuntime.cpp, line 366]
Event: 8.562 Thread 0x000000001b81e800 Exception <a 'java/lang/ArrayIndexOutOfBoundsException': 56> (0x00000000d797a7e8) thrown at [C:\re\workspace\8-2-build-windows-amd64-cygwin\jdk8u91\7017\hotspot\src\share\vm\interpreter\interpreterRuntime.cpp, line 366]
Event: 8.563 Thread 0x000000001b81e800 Exception <a 'java/lang/ArrayIndexOutOfBoundsException': 51> (0x00000000d797c600) thrown at [C:\re\workspace\8-2-build-windows-amd64-cygwin\jdk8u91\7017\hotspot\src\share\vm\interpreter\interpreterRuntime.cpp, line 366]
Event: 8.576 Thread 0x000000001b81e800 Exception <a 'java/lang/ClassNotFoundException': com/jobsearch/model/ProfileBeanInfo> (0x00000000d7b28978) thrown at [C:\re\workspace\8-2-build-windows-amd64-cygwin\jdk8u91\7017\hotspot\src\share\vm\classfile\systemDictionary.cpp, line 210]
Event: 8.577 Thread 0x000000001b81e800 Exception <a 'java/lang/ClassNotFoundException': com/jobsearch/model/ProfileCustomizer> (0x00000000d7b5f1e0) thrown at [C:\re\workspace\8-2-build-windows-amd64-cygwin\jdk8u91\7017\hotspot\src\share\vm\classfile\systemDictionary.cpp, line 210]
Event: 10.037 Thread 0x000000001b81f000 Exception <a 'java/lang/ClassNotFoundException': org/springframework/security/web/csrf/DefaultCsrfTokenBeanInfo> (0x00000000d89217e8) thrown at [C:\re\workspace\8-2-build-windows-amd64-cygwin\jdk8u91\7017\hotspot\src\share\vm\classfile\systemDictionary.cpp¿ê$éY$@
Event: 10.038 Thread 0x000000001b81f000 Exception <a 'java/lang/ClassNotFoundException': org/springframework/security/web/csrf/DefaultCsrfTokenCustomizer> (0x00000000d8968348) thrown at [C:\re\workspace\8-2-build-windows-amd64-cygwin\jdk8u91\7017\hotspot\src\share\vm\classfile\systemDictionary.c&Ì©fÛÂ)@
Event: 12.949 Thread 0x000000001b823800 Exception <a 'java/lang/ArrayIndexOutOfBoundsException': 98> (0x00000000db958470) thrown at [C:\re\workspace\8-2-build-windows-amd64-cygwin\jdk8u91\7017\hotspot\src\share\vm\interpreter\interpreterRuntime.cpp, line 366]
Event: 25.913 Thread 0x000000001b823800 Exception <a 'java/lang/NullPointerException'> (0x00000000dc28f6c8) thrown at [C:\re\workspace\8-2-build-windows-amd64-cygwin\jdk8u91\7017\hotspot\src\share\vm\interpreter\linkResolver.cpp, line 1280]
Event: 25.913 Thread 0x000000001b823800 Exception <a 'java/lang/reflect/InvocationTargetException'> (0x00000000dc28fca0) thrown at [C:\re\workspace\8-2-build-windows-amd64-cygwin\jdk8u91\7017\hotspot\src\share\vm\runtime\reflection.cpp, line 1092]

Events (10 events):
Event: 82.733 Thread 0x000000001a2ba800 flushing nmethod 0x00000000036ca150
Event: 82.733 Thread 0x000000001a2ba800 flushing nmethod 0x00000000036cf290
Event: 82.734 Thread 0x000000001a2ba800 flushing nmethod 0x0000000003799110
Event: 86.922 Thread 0x000000001b9ae000 Uncommon trap: trap_request=0xffffff86 fr.pc=0x00000000035226fc
Event: 86.922 Thread 0x000000001b9ae000 DEOPT PACKING pc=0x00000000035226fc sp=0x000000001ec0f0b0
Event: 86.922 Thread 0x000000001b9ae000 DEOPT UNPACKING pc=0x000000000336582a sp=0x000000001ec0f060 mode 2
Event: 87.916 Executing VM operation: ParallelGCFailedAllocation
Event: 87.918 Executing VM operation: ParallelGCFailedAllocation done
Event: 92.484 Executing VM operation: RedefineClasses
Event: 92.517 Executing VM operation: RedefineClasses done


Dynamic libraries:
0x00007ff7c7bc0000 - 0x00007ff7c7bf7000 	C:\Program Files\Java\jre1.8.0_91\bin\javaw.exe
0x00007fff35080000 - 0x00007fff35241000 	C:\WINDOWS\SYSTEM32\ntdll.dll
0x00007fff33440000 - 0x00007fff334ed000 	C:\WINDOWS\system32\KERNEL32.DLL
0x00007fff31730000 - 0x00007fff31918000 	C:\WINDOWS\system32\KERNELBASE.dll
0x00007fff34e90000 - 0x00007fff34f37000 	C:\WINDOWS\system32\ADVAPI32.dll
0x00007fff32480000 - 0x00007fff3251d000 	C:\WINDOWS\system32\msvcrt.dll
0x00007fff32d80000 - 0x00007fff32ddb000 	C:\WINDOWS\system32\sechost.dll
0x00007fff32c50000 - 0x00007fff32d6c000 	C:\WINDOWS\system32\RPCRT4.dll
0x00007fff332e0000 - 0x00007fff33436000 	C:\WINDOWS\system32\USER32.dll
0x00007fff34b90000 - 0x00007fff34d16000 	C:\WINDOWS\system32\GDI32.dll
0x00007fff2b7b0000 - 0x00007fff2ba24000 	C:\WINDOWS\WinSxS\amd64_microsoft.windows.common-controls_6595b64144ccf1df_6.0.10586.494_none_a2d8b04ea53e3145\COMCTL32.dll
0x00007fff32e50000 - 0x00007fff330cd000 	C:\WINDOWS\system32\combase.dll
0x00007fff31c60000 - 0x00007fff31cca000 	C:\WINDOWS\system32\bcryptPrimitives.dll
0x00007fff35020000 - 0x00007fff3505b000 	C:\WINDOWS\system32\IMM32.DLL
0x00000000562e0000 - 0x00000000563b2000 	C:\Program Files\Java\jre1.8.0_91\bin\msvcr100.dll
0x0000000056490000 - 0x0000000056d23000 	C:\Program Files\Java\jre1.8.0_91\bin\server\jvm.dll
0x00007fff34fb0000 - 0x00007fff34fb8000 	C:\WINDOWS\system32\PSAPI.DLL
0x00007fff28c60000 - 0x00007fff28c69000 	C:\WINDOWS\SYSTEM32\WSOCK32.dll
0x00007fff2b010000 - 0x00007fff2b01a000 	C:\WINDOWS\SYSTEM32\VERSION.dll
0x00007fff2f3c0000 - 0x00007fff2f3e3000 	C:\WINDOWS\SYSTEM32\WINMM.dll
0x00007fff34b20000 - 0x00007fff34b8b000 	C:\WINDOWS\system32\WS2_32.dll
0x0000000003050000 - 0x000000000307c000 	C:\WINDOWS\SYSTEM32\WINMMBASE.dll
0x00007fff31c10000 - 0x00007fff31c53000 	C:\WINDOWS\system32\cfgmgr32.dll
0x0000000056480000 - 0x000000005648f000 	C:\Program Files\Java\jre1.8.0_91\bin\verify.dll
0x0000000056450000 - 0x0000000056479000 	C:\Program Files\Java\jre1.8.0_91\bin\java.dll
0x00000000562a0000 - 0x00000000562d5000 	C:\Program Files\Java\jre1.8.0_91\bin\jdwp.dll
0x0000000056290000 - 0x0000000056298000 	C:\Program Files\Java\jre1.8.0_91\bin\npt.dll
0x0000000056430000 - 0x0000000056446000 	C:\Program Files\Java\jre1.8.0_91\bin\zip.dll
0x00007fff335c0000 - 0x00007fff34b1c000 	C:\WINDOWS\system32\SHELL32.dll
0x00007fff31d80000 - 0x00007fff323c5000 	C:\WINDOWS\system32\windows.storage.dll
0x00007fff34d20000 - 0x00007fff34d72000 	C:\WINDOWS\system32\shlwapi.dll
0x00007fff31720000 - 0x00007fff3172f000 	C:\WINDOWS\system32\kernel.appcore.dll
0x00007fff31b50000 - 0x00007fff31c05000 	C:\WINDOWS\system32\shcore.dll
0x00007fff316d0000 - 0x00007fff3171b000 	C:\WINDOWS\system32\powrprof.dll
0x00007fff316b0000 - 0x00007fff316c4000 	C:\WINDOWS\system32\profapi.dll
0x0000000056280000 - 0x0000000056289000 	C:\Program Files\Java\jre1.8.0_91\bin\dt_socket.dll
0x00007fff24100000 - 0x00007fff24116000 	C:\WINDOWS\system32\napinsp.dll
0x00007fff24120000 - 0x00007fff2413a000 	C:\WINDOWS\system32\pnrpnsp.dll
0x00007fff2e9f0000 - 0x00007fff2ea08000 	C:\WINDOWS\system32\NLAapi.dll
0x00007fff30f70000 - 0x00007fff30fcc000 	C:\WINDOWS\System32\mswsock.dll
0x00007fff30000000 - 0x00007fff300aa000 	C:\WINDOWS\SYSTEM32\DNSAPI.dll
0x00007fff32d70000 - 0x00007fff32d78000 	C:\WINDOWS\system32\NSI.dll
0x00007fff24da0000 - 0x00007fff24dad000 	C:\WINDOWS\System32\winrnr.dll
0x00007fff24140000 - 0x00007fff24155000 	C:\WINDOWS\System32\wshbth.dll
0x00007fff2c580000 - 0x00007fff2c5e7000 	C:\WINDOWS\System32\fwpuclnt.dll
0x00007fff315e0000 - 0x00007fff31609000 	C:\WINDOWS\SYSTEM32\bcrypt.dll
0x00007fff27630000 - 0x00007fff2763a000 	C:\Windows\System32\rasadhlp.dll
0x0000000056270000 - 0x000000005627d000 	C:\Program Files\Java\jre1.8.0_91\bin\management.dll
0x0000000056410000 - 0x000000005642a000 	C:\Program Files\Java\jre1.8.0_91\bin\net.dll
0x00000000563f0000 - 0x0000000056401000 	C:\Program Files\Java\jre1.8.0_91\bin\nio.dll
0x00000000563c0000 - 0x00000000563e4000 	C:\Program Files\Java\jre1.8.0_91\bin\sunec.dll
0x0000000056260000 - 0x000000005626b000 	C:\Program Files\Java\jre1.8.0_91\bin\sunmscapi.dll
0x00007fff31980000 - 0x00007fff31b48000 	C:\WINDOWS\system32\CRYPT32.dll
0x00007fff316a0000 - 0x00007fff316b0000 	C:\WINDOWS\system32\MSASN1.dll
0x00007fff31020000 - 0x00007fff31037000 	C:\WINDOWS\SYSTEM32\CRYPTSP.dll
0x00007fff30cb0000 - 0x00007fff30ce4000 	C:\WINDOWS\system32\rsaenh.dll
0x00007fff30e00000 - 0x00007fff30e1f000 	C:\WINDOWS\SYSTEM32\USERENV.dll
0x00007fff31140000 - 0x00007fff3114b000 	C:\WINDOWS\SYSTEM32\CRYPTBASE.dll
0x00007fff2ec90000 - 0x00007fff2ecc8000 	C:\WINDOWS\SYSTEM32\IPHLPAPI.DLL
0x00007fff2c4e0000 - 0x00007fff2c4f6000 	C:\WINDOWS\SYSTEM32\dhcpcsvc6.DLL
0x00007fff2c480000 - 0x00007fff2c49a000 	C:\WINDOWS\SYSTEM32\dhcpcsvc.DLL
0x00007fff289d0000 - 0x00007fff28b5c000 	C:\WINDOWS\SYSTEM32\dbghelp.dll

VM Arguments:
jvm_args: -agentlib:jdwp=transport=dt_socket,suspend=y,address=localhost:57331 -Dcatalina.base=C:\Users\Owner\workspace_Mars\.metadata\.plugins\org.eclipse.wst.server.core\tmp0 -Dcatalina.home=C:\Users\Owner\Downloads\apache-tomcat-8.0.15-windows-x64\apache-tomcat-8.0.15 -Dwtp.deploy=C:\Users\Owner\workspace_Mars\.metadata\.plugins\org.eclipse.wst.server.core\tmp0\wtpwebapps -Djava.endorsed.dirs=C:\Users\Owner\Downloads\apache-tomcat-8.0.15-windows-x64\apache-tomcat-8.0.15\endorsed -Dfile.encoding=Cp1252 
java_command: org.apache.catalina.startup.Bootstrap start
java_class_path (initial): C:\Users\Owner\Downloads\apache-tomcat-8.0.15-windows-x64\apache-tomcat-8.0.15\bin\bootstrap.jar;C:\Users\Owner\Downloads\apache-tomcat-8.0.15-windows-x64\apache-tomcat-8.0.15\bin\tomcat-juli.jar
Launcher Type: SUN_STANDARD

Environment Variables:
PATH=C:/Program Files/Java/jre1.8.0_91/bin/server;C:/Program Files/Java/jre1.8.0_91/bin;C:/Program Files/Java/jre1.8.0_91/lib/amd64;C:\ProgramData\Oracle\Java\javapath;c:\Program Files (x86)\Intel\iCLS Client\;c:\Program Files\Intel\iCLS Client\;c:\Program Files (x86)\AMD APP\bin\x86_64;c:\Program Files (x86)\AMD APP\bin\x86;C:\WINDOWS\system32;C:\WINDOWS;C:\WINDOWS\System32\Wbem;C:\WINDOWS\System32\WindowsPowerShell\v1.0\;c:\Program Files (x86)\ATI Technologies\ATI.ACE\Core-Static;C:\Program Files\Intel\Intel(R) Management Engine Components\DAL;C:\Program Files\Intel\Intel(R) Management Engine Components\IPT;C:\Program Files (x86)\Intel\Intel(R) Management Engine Components\DAL;C:\Program Files (x86)\Intel\Intel(R) Management Engine Components\IPT;C:\Program Files (x86)\Windows Live\Shared;C:\Program Files\Microsoft SQL Server\110\Tools\Binn\;C:\Program Files (x86)\Microsoft SDKs\TypeScript\1.0\;C:\Program Files\TortoiseHg\;C:\Program Files (x86)\ATI Technologies\ATI.ACE\Core-Static;C:\Program Files\MySQL\MySQL Server 5.7\bin;C:\Program Files (x86)\MySQL\MySQL Fabric 1.5 & MySQL Utilities 1.5\;C:\Program Files (x86)\MySQL\MySQL Fabric 1.5 & MySQL Utilities 1.5\Doctrine extensions for PHP\;C:\Users\Owner\Desktop;
USERNAME=Owner
OS=Windows_NT
PROCESSOR_IDENTIFIER=Intel64 Family 6 Model 58 Stepping 9, GenuineIntel



---------------  S Y S T E M  ---------------

OS: Windows 10.0 , 64 bit Build 10586 (10.0.10586.0)

CPU:total 8 (4 cores per cpu, 2 threads per core) family 6 model 58 stepping 9, cmov, cx8, fxsr, mmx, sse, sse2, sse3, ssse3, sse4.1, sse4.2, popcnt, avx, aes, clmul, erms, ht, tsc, tscinvbit, tscinv

Memory: 4k page, physical 8348632k(4209568k free), swap 9659352k(4128736k free)

vm_info: Java HotSpot(TM) 64-Bit Server VM (25.91-b15) for windows-amd64 JRE (1.8.0_91-b15), built on May 20 2016 17:43:15 by "java_re" with MS VC++ 10.0 (VS2010)

time: Thu Jul 21 17:31:18 2016
elapsed time: 92 seconds (0d 0h 1m 32s)

