#
# A fatal error has been detected by the Java Runtime Environment:
#
#  EXCEPTION_ACCESS_VIOLATION (0xc0000005) at pc=0x00000000565b8f45, pid=4404, tid=10376
#
# JRE version: Java(TM) SE Runtime Environment (8.0_91-b15) (build 1.8.0_91-b15)
# Java VM: Java HotSpot(TM) 64-Bit Server VM (25.91-b15 mixed mode windows-amd64 compressed oops)
# Problematic frame:
# V  [jvm.dll+0x128f45]
#
# Failed to write core dump. Minidumps are not enabled by default on client versions of Windows
#
# If you would like to submit a bug report, please visit:
#   http://bugreport.java.com/bugreport/crash.jsp
#

---------------  T H R E A D  ---------------

Current thread (0x0000000019e43000):  JavaThread "JDWP Transport Listener: dt_socket" daemon [_thread_in_vm, id=10376, stack(0x000000001a930000,0x000000001aa30000)]

siginfo: ExceptionCode=0xc0000005, reading address 0x0000003b6b636174

Registers:
RAX=0x000000001aa2f901, RBX=0x0000000019e43000, RCX=0x0000003b6b636174, RDX=0x0000000000000000
RSP=0x000000001aa2f8e0, RBP=0x0000003b6b636174, RSI=0x000000001aa2f9f8, RDI=0x0000000002de9d00
R8 =0x0000000019e43000, R9 =0x000000000000005f, R10=0x0000000000000000, R11=0x0000000000000064
R12=0x0000000000000000, R13=0x0000000019e43b98, R14=0x0000000000000000, R15=0x0000000000000000
RIP=0x00000000565b8f45, EFLAGS=0x0000000000010206

Top of Stack: (sp=0x000000001aa2f8e0)
0x000000001aa2f8e0:   0000000019e43000 0000000019e43000
0x000000001aa2f8f0:   000000001aa2f9a8 00000000567bf32b
0x000000001aa2f900:   0000000019e43000 00000000567dbb8d
0x000000001aa2f910:   0000000000000000 00000000562b9155
0x000000001aa2f920:   00000000204029f0 00000000562c291e
0x000000001aa2f930:   0000000019e43000 0000000000000000
0x000000001aa2f940:   0000000000000000 0000000000000000
0x000000001aa2f950:   0000003b6b636174 00000000562c1a15
0x000000001aa2f960:   000000001aa2f9f8 000000001aa2f9d0
0x000000001aa2f970:   0000000000000001 00000000204029f0
0x000000001aa2f980:   0000003b6b636174 00000000562a53b3
0x000000001aa2f990:   000000001aa2fac0 0000000000000001
0x000000001aa2f9a0:   0000000000000001 00000000204029f0
0x000000001aa2f9b0:   0000000000000001 0000000000000000
0x000000001aa2f9c0:   0000000000000000 0000000000000000
0x000000001aa2f9d0:   0000000000000001 00000000562a5571 

Instructions: (pc=0x00000000565b8f45)
0x00000000565b8f25:   cc cc cc cc cc cc cc cc cc cc cc 48 83 ec 28 48
0x00000000565b8f35:   85 c9 75 07 33 c0 48 83 c4 28 c3 48 89 5c 24 20
0x00000000565b8f45:   48 8b 19 48 85 db 74 20 48 83 fb 37 74 1a 48 8b
0x00000000565b8f55:   13 48 8b cb ff 52 10 84 c0 74 0d 48 8b c3 48 8b 


Register to memory mapping:

RAX=0x000000001aa2f901 is pointing into the stack for thread: 0x0000000019e43000
RBX=0x0000000019e43000 is a thread
RCX=0x0000003b6b636174 is an unknown value
RDX=0x0000000000000000 is an unknown value
RSP=0x000000001aa2f8e0 is pointing into the stack for thread: 0x0000000019e43000
RBP=0x0000003b6b636174 is an unknown value
RSI=0x000000001aa2f9f8 is pointing into the stack for thread: 0x0000000019e43000
RDI=0x0000000002de9d00 is an unknown value
R8 =0x0000000019e43000 is a thread
R9 =0x000000000000005f is an unknown value
R10=0x0000000000000000 is an unknown value
R11=0x0000000000000064 is an unknown value
R12=0x0000000000000000 is an unknown value
R13=0x0000000019e43b98 is an unknown value
R14=0x0000000000000000 is an unknown value
R15=0x0000000000000000 is an unknown value


Stack: [0x000000001a930000,0x000000001aa30000],  sp=0x000000001aa2f8e0,  free space=1022k
Native frames: (J=compiled Java code, j=interpreted, Vv=VM code, C=native code)
V  [jvm.dll+0x128f45]
V  [jvm.dll+0x34bb8d]
C  [jdwp.dll+0x21a15]
C  [jdwp.dll+0x53b3]
C  [jdwp.dll+0x5571]
C  [jdwp.dll+0xf0a8]
C  [jdwp.dll+0x1f2d5]
C  [jdwp.dll+0x1f4aa]
V  [jvm.dll+0x1bbf38]
V  [jvm.dll+0x243ae4]
V  [jvm.dll+0x29a99a]
C  [msvcr100.dll+0x21d9f]
C  [msvcr100.dll+0x21e3b]
C  [KERNEL32.DLL+0x18102]
C  [ntdll.dll+0x5c5b4]


---------------  P R O C E S S  ---------------

Java Threads: ( => current thread )
  0x00000000229fe800 JavaThread "Thread-5" daemon [_thread_blocked, id=2916, stack(0x0000000026370000,0x0000000026470000)]
  0x0000000022a04800 JavaThread "http-nio-8080-exec-10" daemon [_thread_blocked, id=5480, stack(0x0000000026270000,0x0000000026370000)]
  0x0000000022a00000 JavaThread "http-nio-8080-exec-9" daemon [_thread_blocked, id=11140, stack(0x0000000026170000,0x0000000026270000)]
  0x0000000022a02000 JavaThread "http-nio-8080-exec-8" daemon [_thread_blocked, id=752, stack(0x0000000026070000,0x0000000026170000)]
  0x00000000229f7000 JavaThread "http-nio-8080-exec-7" daemon [_thread_blocked, id=8396, stack(0x0000000025f70000,0x0000000026070000)]
  0x00000000229fd800 JavaThread "http-nio-8080-exec-6" daemon [_thread_blocked, id=4284, stack(0x0000000025e70000,0x0000000025f70000)]
  0x00000000229f7800 JavaThread "http-nio-8080-exec-5" daemon [_thread_blocked, id=9160, stack(0x0000000025d70000,0x0000000025e70000)]
  0x00000000229f6000 JavaThread "http-nio-8080-exec-4" daemon [_thread_blocked, id=5552, stack(0x0000000025c70000,0x0000000025d70000)]
  0x00000000229fd000 JavaThread "http-nio-8080-exec-3" daemon [_thread_blocked, id=9716, stack(0x0000000025b70000,0x0000000025c70000)]
  0x00000000229f9000 JavaThread "MySQL Statement Cancellation Timer" daemon [_thread_blocked, id=8840, stack(0x0000000025a70000,0x0000000025b70000)]
  0x00000000229fc000 JavaThread "http-nio-8080-exec-2" daemon [_thread_blocked, id=3732, stack(0x0000000025770000,0x0000000025870000)]
  0x00000000229fa000 JavaThread "http-nio-8080-exec-1" daemon [_thread_blocked, id=3400, stack(0x00000000248f0000,0x00000000249f0000)]
  0x00000000229fb800 JavaThread "ajp-nio-8009-Acceptor-0" daemon [_thread_in_native, id=8648, stack(0x00000000247f0000,0x00000000248f0000)]
  0x00000000229f8800 JavaThread "ajp-nio-8009-ClientPoller-1" daemon [_thread_in_native, id=10384, stack(0x00000000246f0000,0x00000000247f0000)]
  0x00000000229fa800 JavaThread "ajp-nio-8009-ClientPoller-0" daemon [_thread_in_native, id=3656, stack(0x00000000245f0000,0x00000000246f0000)]
  0x0000000019e6f800 JavaThread "http-nio-8080-Acceptor-0" daemon [_thread_in_native, id=4268, stack(0x00000000244f0000,0x00000000245f0000)]
  0x0000000019e75800 JavaThread "http-nio-8080-ClientPoller-1" daemon [_thread_in_native, id=3796, stack(0x0000000023370000,0x0000000023470000)]
  0x0000000019e71800 JavaThread "http-nio-8080-ClientPoller-0" daemon [_thread_in_native, id=10496, stack(0x0000000022080000,0x0000000022180000)]
  0x0000000019e73000 JavaThread "ContainerBackgroundProcessor[StandardEngine[Catalina]]" daemon [_thread_blocked, id=104, stack(0x0000000020b10000,0x0000000020c10000)]
  0x000000001b663000 JavaThread "NioBlockingSelector.BlockPoller-2" daemon [_thread_in_native, id=432, stack(0x000000001d000000,0x000000001d100000)]
  0x000000001b8bb000 JavaThread "NioBlockingSelector.BlockPoller-1" daemon [_thread_in_native, id=4136, stack(0x000000001cf00000,0x000000001d000000)]
  0x000000001be94800 JavaThread "GC Daemon" daemon [_thread_blocked, id=3380, stack(0x000000001cc00000,0x000000001cd00000)]
  0x0000000019f04000 JavaThread "Service Thread" daemon [_thread_blocked, id=11192, stack(0x000000001b030000,0x000000001b130000)]
  0x0000000019e70000 JavaThread "C1 CompilerThread3" daemon [_thread_blocked, id=7616, stack(0x000000001af30000,0x000000001b030000)]
  0x0000000019e6e800 JavaThread "C2 CompilerThread2" daemon [_thread_in_native, id=9892, stack(0x000000001ae30000,0x000000001af30000)]
  0x0000000019e6a000 JavaThread "C2 CompilerThread1" daemon [_thread_blocked, id=8400, stack(0x000000001ad30000,0x000000001ae30000)]
  0x0000000019e5d800 JavaThread "C2 CompilerThread0" daemon [_thread_in_native, id=2508, stack(0x000000001ac30000,0x000000001ad30000)]
  0x0000000019e53000 JavaThread "JDWP Command Reader" daemon [_thread_in_native, id=8580, stack(0x000000001ab30000,0x000000001ac30000)]
  0x0000000019e50000 JavaThread "JDWP Event Helper Thread" daemon [_thread_blocked, id=7632, stack(0x000000001aa30000,0x000000001ab30000)]
=>0x0000000019e43000 JavaThread "JDWP Transport Listener: dt_socket" daemon [_thread_in_vm, id=10376, stack(0x000000001a930000,0x000000001aa30000)]
  0x0000000019e3c800 JavaThread "Attach Listener" daemon [_thread_blocked, id=9436, stack(0x000000001a4f0000,0x000000001a5f0000)]
  0x0000000019e3b000 JavaThread "Signal Dispatcher" daemon [_thread_blocked, id=5232, stack(0x000000001a3f0000,0x000000001a4f0000)]
  0x0000000002eed800 JavaThread "Finalizer" daemon [_thread_blocked, id=7100, stack(0x000000001a210000,0x000000001a310000)]
  0x0000000017f3c800 JavaThread "Reference Handler" daemon [_thread_blocked, id=9772, stack(0x0000000019d10000,0x0000000019e10000)]
  0x0000000002df2800 JavaThread "main" [_thread_in_native, id=2216, stack(0x0000000002cc0000,0x0000000002dc0000)]

Other Threads:
  0x0000000017f3b000 VMThread [stack: 0x0000000019c10000,0x0000000019d10000] [id=6696]
  0x0000000019f27000 WatcherThread [stack: 0x000000001b130000,0x000000001b230000] [id=9196]

VM state:not at safepoint (normal execution)

VM Mutex/Monitor currently owned by a thread: None

Heap:
 PSYoungGen      total 625664K, used 523305K [0x00000000d5800000, 0x0000000100000000, 0x0000000100000000)
  eden space 555008K, 81% used [0x00000000d5800000,0x00000000f1210770,0x00000000f7600000)
  from space 70656K, 99% used [0x00000000f7600000,0x00000000fbaf9f20,0x00000000fbb00000)
  to   space 70656K, 0% used [0x00000000fbb00000,0x00000000fbb00000,0x0000000100000000)
 ParOldGen       total 214528K, used 115287K [0x0000000080800000, 0x000000008d980000, 0x00000000d5800000)
  object space 214528K, 53% used [0x0000000080800000,0x0000000087895d60,0x000000008d980000)
 Metaspace       used 67404K, capacity 68266K, committed 68736K, reserved 1110016K
  class space    used 8222K, capacity 8449K, committed 8576K, reserved 1048576K

Card table byte_map: [0x00000000122b0000,0x00000000126b0000] byte_map_base: 0x0000000011eac000

Marking Bits: (ParMarkBitMap*) 0x0000000056ca2f70
 Begin Bits: [0x0000000013160000, 0x0000000015140000)
 End Bits:   [0x0000000015140000, 0x0000000017120000)

Polling page: 0x00000000014c0000

CodeCache: size=245760Kb used=27250Kb max_used=27268Kb free=218509Kb
 bounds [0x0000000002ef0000, 0x00000000049c0000, 0x0000000011ef0000]
 total_blobs=6702 nmethods=6186 adapters=435
 compilation: enabled

Compilation events (10 events):
Event: 191.777 Thread 0x0000000019e70000 nmethod 7387 0x000000000497e210 code [0x000000000497e360, 0x000000000497e4d0]
Event: 191.777 Thread 0x0000000019e70000 7388       3       java.util.Formatter$FormatSpecifier::localizedMagnitude (25 bytes)
Event: 191.777 Thread 0x0000000019e70000 nmethod 7388 0x000000000497da10 code [0x000000000497dba0, 0x000000000497dfc8]
Event: 191.808 Thread 0x0000000019e6a000 nmethod 7383 0x00000000049acc50 code [0x00000000049ad060, 0x00000000049b00e0]
Event: 191.808 Thread 0x0000000019e6a000 7385       4       org.springframework.util.ObjectUtils::nullSafeEquals (337 bytes)
Event: 191.811 Thread 0x0000000019e6a000 nmethod 7385 0x0000000004974850 code [0x00000000049749a0, 0x0000000004974c98]
Event: 191.811 Thread 0x0000000019e6a000 7339       4       java.lang.reflect.Field::hashCode (19 bytes)
Event: 191.815 Thread 0x0000000019e6a000 nmethod 7339 0x00000000049760d0 code [0x0000000004976220, 0x0000000004976648]
Event: 191.815 Thread 0x0000000019e6a000 7330       4       java.util.concurrent.locks.ReentrantLock$NonfairSync::lock (25 bytes)
Event: 191.816 Thread 0x0000000019e6a000 nmethod 7330 0x0000000004975c90 code [0x0000000004975e00, 0x0000000004975f30]

GC Heap History (10 events):
Event: 171.790 GC heap before
{Heap before GC invocations=24 (full 2):
 PSYoungGen      total 550400K, used 550385K [0x00000000d5800000, 0x00000000fbd00000, 0x0000000100000000)
  eden space 518144K, 100% used [0x00000000d5800000,0x00000000f5200000,0x00000000f5200000)
  from space 32256K, 99% used [0x00000000f8180000,0x00000000fa0fc610,0x00000000fa100000)
  to   space 28672K, 0% used [0x00000000fa100000,0x00000000fa100000,0x00000000fbd00000)
 ParOldGen       total 130560K, used 74702K [0x0000000080800000, 0x0000000088780000, 0x00000000d5800000)
  object space 130560K, 57% used [0x0000000080800000,0x00000000850f3a40,0x0000000088780000)
 Metaspace       used 41171K, capacity 41936K, committed 42240K, reserved 1087488K
  class space    used 4837K, capacity 4998K, committed 5120K, reserved 1048576K
Event: 171.824 GC heap after
Heap after GC invocations=24 (full 2):
 PSYoungGen      total 560128K, used 28671K [0x00000000d5800000, 0x0000000100000000, 0x0000000100000000)
  eden space 531456K, 0% used [0x00000000d5800000,0x00000000d5800000,0x00000000f5f00000)
  from space 28672K, 99% used [0x00000000fa100000,0x00000000fbcffc78,0x00000000fbd00000)
  to   space 67584K, 0% used [0x00000000f5f00000,0x00000000f5f00000,0x00000000fa100000)
 ParOldGen       total 130560K, used 125335K [0x0000000080800000, 0x0000000088780000, 0x00000000d5800000)
  object space 130560K, 95% used [0x0000000080800000,0x0000000088265c98,0x0000000088780000)
 Metaspace       used 41171K, capacity 41936K, committed 42240K, reserved 1087488K
  class space    used 4837K, capacity 4998K, committed 5120K, reserved 1048576K
}
Event: 171.824 GC heap before
{Heap before GC invocations=25 (full 3):
 PSYoungGen      total 560128K, used 28671K [0x00000000d5800000, 0x0000000100000000, 0x0000000100000000)
  eden space 531456K, 0% used [0x00000000d5800000,0x00000000d5800000,0x00000000f5f00000)
  from space 28672K, 99% used [0x00000000fa100000,0x00000000fbcffc78,0x00000000fbd00000)
  to   space 67584K, 0% used [0x00000000f5f00000,0x00000000f5f00000,0x00000000fa100000)
 ParOldGen       total 130560K, used 125335K [0x0000000080800000, 0x0000000088780000, 0x00000000d5800000)
  object space 130560K, 95% used [0x0000000080800000,0x0000000088265c98,0x0000000088780000)
 Metaspace       used 41171K, capacity 41936K, committed 42240K, reserved 1087488K
  class space    used 4837K, capacity 4998K, committed 5120K, reserved 1048576K
Event: 171.910 GC heap after
Heap after GC invocations=25 (full 3):
 PSYoungGen      total 560128K, used 0K [0x00000000d5800000, 0x0000000100000000, 0x0000000100000000)
  eden space 531456K, 0% used [0x00000000d5800000,0x00000000d5800000,0x00000000f5f00000)
  from space 28672K, 0% used [0x00000000fa100000,0x00000000fa100000,0x00000000fbd00000)
  to   space 67584K, 0% used [0x00000000f5f00000,0x00000000f5f00000,0x00000000fa100000)
 ParOldGen       total 214528K, used 95122K [0x0000000080800000, 0x000000008d980000, 0x00000000d5800000)
  object space 214528K, 44% used [0x0000000080800000,0x00000000864e4950,0x000000008d980000)
 Metaspace       used 41055K, capacity 41656K, committed 42240K, reserved 1087488K
  class space    used 4833K, capacity 4990K, committed 5120K, reserved 1048576K
}
Event: 185.616 GC heap before
{Heap before GC invocations=26 (full 3):
 PSYoungGen      total 560128K, used 531456K [0x00000000d5800000, 0x0000000100000000, 0x0000000100000000)
  eden space 531456K, 100% used [0x00000000d5800000,0x00000000f5f00000,0x00000000f5f00000)
  from space 28672K, 0% used [0x00000000fa100000,0x00000000fa100000,0x00000000fbd00000)
  to   space 67584K, 0% used [0x00000000f5f00000,0x00000000f5f00000,0x00000000fa100000)
 ParOldGen       total 214528K, used 95122K [0x0000000080800000, 0x000000008d980000, 0x00000000d5800000)
  object space 214528K, 44% used [0x0000000080800000,0x00000000864e4950,0x000000008d980000)
 Metaspace       used 54156K, capacity 54846K, committed 55168K, reserved 1097728K
  class space    used 6510K, capacity 6715K, committed 6784K, reserved 1048576K
Event: 185.627 GC heap after
Heap after GC invocations=26 (full 3):
 PSYoungGen      total 599040K, used 22762K [0x00000000d5800000, 0x0000000100000000, 0x0000000100000000)
  eden space 531456K, 0% used [0x00000000d5800000,0x00000000d5800000,0x00000000f5f00000)
  from space 67584K, 33% used [0x00000000f5f00000,0x00000000f753a9b8,0x00000000fa100000)
  to   space 63488K, 0% used [0x00000000fc200000,0x00000000fc200000,0x0000000100000000)
 ParOldGen       total 214528K, used 95130K [0x0000000080800000, 0x000000008d980000, 0x00000000d5800000)
  object space 214528K, 44% used [0x0000000080800000,0x00000000864e6950,0x000000008d980000)
 Metaspace       used 54156K, capacity 54846K, committed 55168K, reserved 1097728K
  class space    used 6510K, capacity 6715K, committed 6784K, reserved 1048576K
}
Event: 187.373 GC heap before
{Heap before GC invocations=27 (full 3):
 PSYoungGen      total 599040K, used 554218K [0x00000000d5800000, 0x0000000100000000, 0x0000000100000000)
  eden space 531456K, 100% used [0x00000000d5800000,0x00000000f5f00000,0x00000000f5f00000)
  from space 67584K, 33% used [0x00000000f5f00000,0x00000000f753a9b8,0x00000000fa100000)
  to   space 63488K, 0% used [0x00000000fc200000,0x00000000fc200000,0x0000000100000000)
 ParOldGen       total 214528K, used 95130K [0x0000000080800000, 0x000000008d980000, 0x00000000d5800000)
  object space 214528K, 44% used [0x0000000080800000,0x00000000864e6950,0x000000008d980000)
 Metaspace       used 54210K, capacity 54990K, committed 55168K, reserved 1097728K
  class space    used 6514K, capacity 6719K, committed 6784K, reserved 1048576K
Event: 187.396 GC heap after
Heap after GC invocations=27 (full 3):
 PSYoungGen      total 618496K, used 50690K [0x00000000d5800000, 0x0000000100000000, 0x0000000100000000)
  eden space 555008K, 0% used [0x00000000d5800000,0x00000000d5800000,0x00000000f7600000)
  from space 63488K, 79% used [0x00000000fc200000,0x00000000ff3808f8,0x0000000100000000)
  to   space 70656K, 0% used [0x00000000f7600000,0x00000000f7600000,0x00000000fbb00000)
 ParOldGen       total 214528K, used 95138K [0x0000000080800000, 0x000000008d980000, 0x00000000d5800000)
  object space 214528K, 44% used [0x0000000080800000,0x00000000864e8950,0x000000008d980000)
 Metaspace       used 54210K, capacity 54990K, committed 55168K, reserved 1097728K
  class space    used 6514K, capacity 6719K, committed 6784K, reserved 1048576K
}
Event: 188.622 GC heap before
{Heap before GC invocations=28 (full 3):
 PSYoungGen      total 618496K, used 605698K [0x00000000d5800000, 0x0000000100000000, 0x0000000100000000)
  eden space 555008K, 100% used [0x00000000d5800000,0x00000000f7600000,0x00000000f7600000)
  from space 63488K, 79% used [0x00000000fc200000,0x00000000ff3808f8,0x0000000100000000)
  to   space 70656K, 0% used [0x00000000f7600000,0x00000000f7600000,0x00000000fbb00000)
 ParOldGen       total 214528K, used 95138K [0x0000000080800000, 0x000000008d980000, 0x00000000d5800000)
  object space 214528K, 44% used [0x0000000080800000,0x00000000864e8950,0x000000008d980000)
 Metaspace       used 54219K, capacity 55058K, committed 55168K, reserved 1097728K
  class space    used 6515K, capacity 6719K, committed 6784K, reserved 1048576K
Event: 188.653 GC heap after
Heap after GC invocations=28 (full 3):
 PSYoungGen      total 625664K, used 70631K [0x00000000d5800000, 0x0000000100000000, 0x0000000100000000)
  eden space 555008K, 0% used [0x00000000d5800000,0x00000000d5800000,0x00000000f7600000)
  from space 70656K, 99% used [0x00000000f7600000,0x00000000fbaf9f20,0x00000000fbb00000)
  to   space 70656K, 0% used [0x00000000fbb00000,0x00000000fbb00000,0x0000000100000000)
 ParOldGen       total 214528K, used 115287K [0x0000000080800000, 0x000000008d980000, 0x00000000d5800000)
  object space 214528K, 53% used [0x0000000080800000,0x0000000087895d60,0x000000008d980000)
 Metaspace       used 54219K, capacity 55058K, committed 55168K, reserved 1097728K
  class space    used 6515K, capacity 6719K, committed 6784K, reserved 1048576K
}

Deoptimization events (10 events):
Event: 191.770 Thread 0x0000000019e73000 Uncommon trap: reason=unhandled action=none pc=0x0000000004061b94 method=java.net.URLClassLoader.findClass(Ljava/lang/String;)Ljava/lang/Class; @ 44
Event: 191.770 Thread 0x0000000019e73000 Uncommon trap: reason=unhandled action=none pc=0x0000000004061b94 method=java.net.URLClassLoader.findClass(Ljava/lang/String;)Ljava/lang/Class; @ 44
Event: 191.771 Thread 0x0000000019e73000 Uncommon trap: reason=unhandled action=none pc=0x00000000039fb12c method=org.apache.catalina.loader.WebappClassLoaderBase.findClass(Ljava/lang/String;)Ljava/lang/Class; @ 395
Event: 191.771 Thread 0x0000000019e73000 Uncommon trap: reason=unhandled action=none pc=0x0000000004061b94 method=java.net.URLClassLoader.findClass(Ljava/lang/String;)Ljava/lang/Class; @ 44
Event: 191.772 Thread 0x0000000019e73000 Uncommon trap: reason=unhandled action=none pc=0x0000000004061b94 method=java.net.URLClassLoader.findClass(Ljava/lang/String;)Ljava/lang/Class; @ 44
Event: 191.772 Thread 0x0000000019e73000 Uncommon trap: reason=unhandled action=none pc=0x0000000004061b94 method=java.net.URLClassLoader.findClass(Ljava/lang/String;)Ljava/lang/Class; @ 44
Event: 191.772 Thread 0x0000000019e73000 Uncommon trap: reason=unhandled action=none pc=0x00000000039fb12c method=org.apache.catalina.loader.WebappClassLoaderBase.findClass(Ljava/lang/String;)Ljava/lang/Class; @ 395
Event: 191.772 Thread 0x0000000019e73000 Uncommon trap: reason=unhandled action=none pc=0x0000000004061b94 method=java.net.URLClassLoader.findClass(Ljava/lang/String;)Ljava/lang/Class; @ 44
Event: 191.772 Thread 0x0000000019e73000 Uncommon trap: reason=unhandled action=none pc=0x0000000004061b94 method=java.net.URLClassLoader.findClass(Ljava/lang/String;)Ljava/lang/Class; @ 44
Event: 191.772 Thread 0x0000000019e73000 Uncommon trap: reason=unhandled action=none pc=0x0000000004061b94 method=java.net.URLClassLoader.findClass(Ljava/lang/String;)Ljava/lang/Class; @ 44

Internal exceptions (10 events):
Event: 191.742 Thread 0x0000000019e73000 Exception <a 'java/lang/ClassNotFoundException': org/springframework/web/servlet/theme/FixedThemeResolverBeanInfo> (0x00000000f03ae140) thrown at [C:\re\workspace\8-2-build-windows-amd64-cygwin\jdk8u91\7017\hotspot\src\share\vm\classfile\systemDictionary.c∏Z(„‡˜g@
Event: 191.746 Thread 0x0000000019e73000 Exception <a 'java/lang/ClassNotFoundException': org/springframework/web/servlet/theme/AbstractThemeResolverBeanInfo> (0x00000000f03f83a8) thrown at [C:\re\workspace\8-2-build-windows-amd64-cygwin\jdk8u91\7017\hotspot\src\share\vm\classfile\systemDictionarwÎ6Ú˜g@
Event: 191.748 Thread 0x0000000019e73000 Exception <a 'java/lang/ClassNotFoundException': org/springframework/web/servlet/theme/AbstractThemeResolverCustomizer> (0x00000000f04428b8) thrown at [C:\re\workspace\8-2-build-windows-amd64-cygwin\jdk8u91\7017\hotspot\src\share\vm\classfile\systemDiction
Event: 191.751 Thread 0x0000000019e73000 Exception <a 'java/lang/ClassNotFoundException': org/springframework/web/servlet/theme/FixedThemeResolverCustomizer> (0x00000000f048f930) thrown at [C:\re\workspace\8-2-build-windows-amd64-cygwin\jdk8u91\7017\hotspot\src\share\vm\classfile\systemDictionaryjq‹ﬂ7¯g@
Event: 191.757 Thread 0x0000000019e73000 Exception <a 'java/lang/ClassNotFoundException': org/springframework/web/servlet/view/DefaultRequestToViewNameTranslatorBeanInfo> (0x00000000f051fba0) thrown at [C:\re\workspace\8-2-build-windows-amd64-cygwin\jdk8u91\7017\hotspot\src\share\vm\classfile\sys"≤¶?I¯g@
Event: 191.759 Thread 0x0000000019e73000 Exception <a 'java/lang/ClassNotFoundException': org/springframework/web/servlet/view/DefaultRequestToViewNameTranslatorCustomizer> (0x00000000f0571e98) thrown at [C:\re\workspace\8-2-build-windows-amd64-cygwin\jdk8u91\7017\hotspot\src\share\vm\classfile\sßå]à¯g@
Event: 191.767 Thread 0x0000000019e73000 Exception <a 'java/lang/ClassNotFoundException': org/springframework/web/servlet/support/SessionFlashMapManagerBeanInfo> (0x00000000f0639d60) thrown at [C:\re\workspace\8-2-build-windows-amd64-cygwin\jdk8u91\7017\hotspot\src\share\vm\classfile\systemDictioø9íºó¯g@
Event: 191.769 Thread 0x0000000019e73000 Exception <a 'java/lang/ClassNotFoundException': org/springframework/web/servlet/support/AbstractFlashMapManagerBeanInfo> (0x00000000f06869f0) thrown at [C:\re\workspace\8-2-build-windows-amd64-cygwin\jdk8u91\7017\hotspot\src\share\vm\classfile\systemDictiçAmß¯g@
Event: 191.770 Thread 0x0000000019e73000 Exception <a 'java/lang/ClassNotFoundException': org/springframework/web/servlet/support/AbstractFlashMapManagerCustomizer> (0x00000000f06d3920) thrown at [C:\re\workspace\8-2-build-windows-amd64-cygwin\jdk8u91\7017\hotspot\src\share\vm\classfile\systemDic—ËZo∏¯g@
Event: 191.773 Thread 0x0000000019e73000 Exception <a 'java/lang/ClassNotFoundException': org/springframework/web/servlet/support/SessionFlashMapManagerCustomizer> (0x00000000f07280b0) thrown at [C:\re\workspace\8-2-build-windows-amd64-cygwin\jdk8u91\7017\hotspot\src\share\vm\classfile\systemDictπ^5-¿˜g@

Events (10 events):
Event: 191.772 Thread 0x0000000019e73000 DEOPT PACKING pc=0x00000000043acd94 sp=0x0000000020c0d710
Event: 191.772 Thread 0x0000000019e73000 DEOPT UNPACKING pc=0x0000000002f3787f sp=0x0000000020c0d410 mode 1
Event: 191.772 Thread 0x0000000019e73000 DEOPT PACKING pc=0x00000000040632e4 sp=0x0000000020c0d750
Event: 191.772 Thread 0x0000000019e73000 DEOPT UNPACKING pc=0x0000000002f3787f sp=0x0000000020c0d558 mode 1
Event: 191.772 loading class org/springframework/web/servlet/support/SessionFlashMapManagerCustomizer
Event: 191.772 loading class org/springframework/web/servlet/support/SessionFlashMapManagerCustomizer done
Event: 191.773 Thread 0x0000000019e73000 DEOPT PACKING pc=0x0000000003a209dc sp=0x0000000020c0d790
Event: 191.773 Thread 0x0000000019e73000 DEOPT UNPACKING pc=0x0000000002f3787f sp=0x0000000020c0d4e8 mode 1
Event: 191.856 Executing VM operation: RedefineClasses
Event: 191.961 Executing VM operation: RedefineClasses done


Dynamic libraries:
0x00007ff7c7bc0000 - 0x00007ff7c7bf7000 	C:\Program Files\Java\jre1.8.0_91\bin\javaw.exe
0x00007fff35080000 - 0x00007fff35241000 	C:\WINDOWS\SYSTEM32\ntdll.dll
0x00007fff33440000 - 0x00007fff334ed000 	C:\WINDOWS\system32\KERNEL32.DLL
0x00007fff31730000 - 0x00007fff31918000 	C:\WINDOWS\system32\KERNELBASE.dll
0x00007fff34e90000 - 0x00007fff34f37000 	C:\WINDOWS\system32\ADVAPI32.dll
0x00007fff32480000 - 0x00007fff3251d000 	C:\WINDOWS\system32\msvcrt.dll
0x00007fff32d80000 - 0x00007fff32ddb000 	C:\WINDOWS\system32\sechost.dll
0x00007fff32c50000 - 0x00007fff32d6c000 	C:\WINDOWS\system32\RPCRT4.dll
0x00007fff332e0000 - 0x00007fff33436000 	C:\WINDOWS\system32\USER32.dll
0x00007fff34b90000 - 0x00007fff34d16000 	C:\WINDOWS\system32\GDI32.dll
0x00007fff2b7b0000 - 0x00007fff2ba24000 	C:\WINDOWS\WinSxS\amd64_microsoft.windows.common-controls_6595b64144ccf1df_6.0.10586.494_none_a2d8b04ea53e3145\COMCTL32.dll
0x00007fff32e50000 - 0x00007fff330cd000 	C:\WINDOWS\system32\combase.dll
0x00007fff31c60000 - 0x00007fff31cca000 	C:\WINDOWS\system32\bcryptPrimitives.dll
0x00007fff35020000 - 0x00007fff3505b000 	C:\WINDOWS\system32\IMM32.DLL
0x00000000562e0000 - 0x00000000563b2000 	C:\Program Files\Java\jre1.8.0_91\bin\msvcr100.dll
0x0000000056490000 - 0x0000000056d23000 	C:\Program Files\Java\jre1.8.0_91\bin\server\jvm.dll
0x00007fff34fb0000 - 0x00007fff34fb8000 	C:\WINDOWS\system32\PSAPI.DLL
0x00007fff28c60000 - 0x00007fff28c69000 	C:\WINDOWS\SYSTEM32\WSOCK32.dll
0x00007fff2f3c0000 - 0x00007fff2f3e3000 	C:\WINDOWS\SYSTEM32\WINMM.dll
0x00007fff2b010000 - 0x00007fff2b01a000 	C:\WINDOWS\SYSTEM32\VERSION.dll
0x00007fff34b20000 - 0x00007fff34b8b000 	C:\WINDOWS\system32\WS2_32.dll
0x00007fff2f310000 - 0x00007fff2f33c000 	C:\WINDOWS\SYSTEM32\WINMMBASE.dll
0x00007fff31c10000 - 0x00007fff31c53000 	C:\WINDOWS\system32\cfgmgr32.dll
0x0000000056480000 - 0x000000005648f000 	C:\Program Files\Java\jre1.8.0_91\bin\verify.dll
0x0000000056450000 - 0x0000000056479000 	C:\Program Files\Java\jre1.8.0_91\bin\java.dll
0x00000000562a0000 - 0x00000000562d5000 	C:\Program Files\Java\jre1.8.0_91\bin\jdwp.dll
0x0000000056290000 - 0x0000000056298000 	C:\Program Files\Java\jre1.8.0_91\bin\npt.dll
0x0000000056430000 - 0x0000000056446000 	C:\Program Files\Java\jre1.8.0_91\bin\zip.dll
0x00007fff335c0000 - 0x00007fff34b1c000 	C:\WINDOWS\system32\SHELL32.dll
0x00007fff31d80000 - 0x00007fff323c5000 	C:\WINDOWS\system32\windows.storage.dll
0x00007fff34d20000 - 0x00007fff34d72000 	C:\WINDOWS\system32\shlwapi.dll
0x00007fff31720000 - 0x00007fff3172f000 	C:\WINDOWS\system32\kernel.appcore.dll
0x00007fff31b50000 - 0x00007fff31c05000 	C:\WINDOWS\system32\shcore.dll
0x00007fff316d0000 - 0x00007fff3171b000 	C:\WINDOWS\system32\powrprof.dll
0x00007fff316b0000 - 0x00007fff316c4000 	C:\WINDOWS\system32\profapi.dll
0x0000000056280000 - 0x0000000056289000 	C:\Program Files\Java\jre1.8.0_91\bin\dt_socket.dll
0x00007fff24100000 - 0x00007fff24116000 	C:\WINDOWS\system32\napinsp.dll
0x00007fff24120000 - 0x00007fff2413a000 	C:\WINDOWS\system32\pnrpnsp.dll
0x00007fff2e9f0000 - 0x00007fff2ea08000 	C:\WINDOWS\system32\NLAapi.dll
0x00007fff30f70000 - 0x00007fff30fcc000 	C:\WINDOWS\System32\mswsock.dll
0x00007fff30000000 - 0x00007fff300aa000 	C:\WINDOWS\SYSTEM32\DNSAPI.dll
0x00007fff32d70000 - 0x00007fff32d78000 	C:\WINDOWS\system32\NSI.dll
0x00007fff24da0000 - 0x00007fff24dad000 	C:\WINDOWS\System32\winrnr.dll
0x00007fff24140000 - 0x00007fff24155000 	C:\WINDOWS\System32\wshbth.dll
0x00007fff2c580000 - 0x00007fff2c5e7000 	C:\WINDOWS\System32\fwpuclnt.dll
0x00007fff315e0000 - 0x00007fff31609000 	C:\WINDOWS\SYSTEM32\bcrypt.dll
0x00007fff27630000 - 0x00007fff2763a000 	C:\Windows\System32\rasadhlp.dll
0x0000000056270000 - 0x000000005627d000 	C:\Program Files\Java\jre1.8.0_91\bin\management.dll
0x0000000056410000 - 0x000000005642a000 	C:\Program Files\Java\jre1.8.0_91\bin\net.dll
0x00000000563f0000 - 0x0000000056401000 	C:\Program Files\Java\jre1.8.0_91\bin\nio.dll
0x00000000563c0000 - 0x00000000563e4000 	C:\Program Files\Java\jre1.8.0_91\bin\sunec.dll
0x0000000056260000 - 0x000000005626b000 	C:\Program Files\Java\jre1.8.0_91\bin\sunmscapi.dll
0x00007fff31980000 - 0x00007fff31b48000 	C:\WINDOWS\system32\CRYPT32.dll
0x00007fff316a0000 - 0x00007fff316b0000 	C:\WINDOWS\system32\MSASN1.dll
0x00007fff31020000 - 0x00007fff31037000 	C:\WINDOWS\SYSTEM32\CRYPTSP.dll
0x00007fff30cb0000 - 0x00007fff30ce4000 	C:\WINDOWS\system32\rsaenh.dll
0x00007fff30e00000 - 0x00007fff30e1f000 	C:\WINDOWS\SYSTEM32\USERENV.dll
0x00007fff31140000 - 0x00007fff3114b000 	C:\WINDOWS\SYSTEM32\CRYPTBASE.dll
0x00007fff2ec90000 - 0x00007fff2ecc8000 	C:\WINDOWS\SYSTEM32\IPHLPAPI.DLL
0x00007fff2c4e0000 - 0x00007fff2c4f6000 	C:\WINDOWS\SYSTEM32\dhcpcsvc6.DLL
0x00007fff2c480000 - 0x00007fff2c49a000 	C:\WINDOWS\SYSTEM32\dhcpcsvc.DLL
0x00007fff289d0000 - 0x00007fff28b5c000 	C:\WINDOWS\SYSTEM32\dbghelp.dll

VM Arguments:
jvm_args: -agentlib:jdwp=transport=dt_socket,suspend=y,address=localhost:57214 -Dcatalina.base=C:\Users\Owner\workspace_Mars\.metadata\.plugins\org.eclipse.wst.server.core\tmp0 -Dcatalina.home=C:\Users\Owner\Downloads\apache-tomcat-8.0.15-windows-x64\apache-tomcat-8.0.15 -Dwtp.deploy=C:\Users\Owner\workspace_Mars\.metadata\.plugins\org.eclipse.wst.server.core\tmp0\wtpwebapps -Djava.endorsed.dirs=C:\Users\Owner\Downloads\apache-tomcat-8.0.15-windows-x64\apache-tomcat-8.0.15\endorsed -Dfile.encoding=Cp1252 
java_command: org.apache.catalina.startup.Bootstrap start
java_class_path (initial): C:\Users\Owner\Downloads\apache-tomcat-8.0.15-windows-x64\apache-tomcat-8.0.15\bin\bootstrap.jar;C:\Users\Owner\Downloads\apache-tomcat-8.0.15-windows-x64\apache-tomcat-8.0.15\bin\tomcat-juli.jar
Launcher Type: SUN_STANDARD

Environment Variables:
PATH=C:/Program Files/Java/jre1.8.0_91/bin/server;C:/Program Files/Java/jre1.8.0_91/bin;C:/Program Files/Java/jre1.8.0_91/lib/amd64;C:\ProgramData\Oracle\Java\javapath;c:\Program Files (x86)\Intel\iCLS Client\;c:\Program Files\Intel\iCLS Client\;c:\Program Files (x86)\AMD APP\bin\x86_64;c:\Program Files (x86)\AMD APP\bin\x86;C:\WINDOWS\system32;C:\WINDOWS;C:\WINDOWS\System32\Wbem;C:\WINDOWS\System32\WindowsPowerShell\v1.0\;c:\Program Files (x86)\ATI Technologies\ATI.ACE\Core-Static;C:\Program Files\Intel\Intel(R) Management Engine Components\DAL;C:\Program Files\Intel\Intel(R) Management Engine Components\IPT;C:\Program Files (x86)\Intel\Intel(R) Management Engine Components\DAL;C:\Program Files (x86)\Intel\Intel(R) Management Engine Components\IPT;C:\Program Files (x86)\Windows Live\Shared;C:\Program Files\Microsoft SQL Server\110\Tools\Binn\;C:\Program Files (x86)\Microsoft SDKs\TypeScript\1.0\;C:\Program Files\TortoiseHg\;C:\Program Files (x86)\ATI Technologies\ATI.ACE\Core-Static;C:\Program Files\MySQL\MySQL Server 5.7\bin;C:\Program Files (x86)\MySQL\MySQL Fabric 1.5 & MySQL Utilities 1.5\;C:\Program Files (x86)\MySQL\MySQL Fabric 1.5 & MySQL Utilities 1.5\Doctrine extensions for PHP\;C:\Users\Owner\Desktop;
USERNAME=Owner
OS=Windows_NT
PROCESSOR_IDENTIFIER=Intel64 Family 6 Model 58 Stepping 9, GenuineIntel



---------------  S Y S T E M  ---------------

OS: Windows 10.0 , 64 bit Build 10586 (10.0.10586.0)

CPU:total 8 (4 cores per cpu, 2 threads per core) family 6 model 58 stepping 9, cmov, cx8, fxsr, mmx, sse, sse2, sse3, ssse3, sse4.1, sse4.2, popcnt, avx, aes, clmul, erms, ht, tsc, tscinvbit, tscinv

Memory: 4k page, physical 8348632k(3904540k free), swap 9659352k(3835564k free)

vm_info: Java HotSpot(TM) 64-Bit Server VM (25.91-b15) for windows-amd64 JRE (1.8.0_91-b15), built on May 20 2016 17:43:15 by "java_re" with MS VC++ 10.0 (VS2010)

time: Thu Jul 21 17:29:33 2016
elapsed time: 191 seconds (0d 0h 3m 11s)

