2016-07-25 18:49:35,889 - Log4JLogChute initialized using file 'velocity.log'
2016-07-25 18:49:35,890 - Initializing Velocity, Calling init()...
2016-07-25 18:49:35,890 - Starting Apache Velocity v1.7 (compiled: 2010-11-19 12:14:37)
2016-07-25 18:49:35,890 - Default Properties File: org\apache\velocity\runtime\defaults\velocity.properties
2016-07-25 18:49:35,890 - Trying to use logger class org.apache.velocity.runtime.log.AvalonLogChute
2016-07-25 18:49:35,890 - Target log system for org.apache.velocity.runtime.log.AvalonLogChute is not available (java.lang.NoClassDefFoundError: org/apache/log/format/Formatter).  Falling back to next log system...
2016-07-25 18:49:35,890 - Trying to use logger class org.apache.velocity.runtime.log.Log4JLogChute
2016-07-25 18:49:35,891 - Using logger class org.apache.velocity.runtime.log.Log4JLogChute
2016-07-25 18:49:35,899 - ResourceLoader instantiated: org.apache.velocity.runtime.resource.loader.ClasspathResourceLoader
2016-07-25 18:49:35,930 - ResourceCache: initialized (class org.apache.velocity.runtime.resource.ResourceCacheImpl) with class java.util.Collections$SynchronizedMap cache map.
2016-07-25 18:49:35,933 - Loaded System Directive: org.apache.velocity.runtime.directive.Stop
2016-07-25 18:49:35,935 - Loaded System Directive: org.apache.velocity.runtime.directive.Define
2016-07-25 18:49:35,936 - Loaded System Directive: org.apache.velocity.runtime.directive.Break
2016-07-25 18:49:35,937 - Loaded System Directive: org.apache.velocity.runtime.directive.Evaluate
2016-07-25 18:49:35,938 - Loaded System Directive: org.apache.velocity.runtime.directive.Literal
2016-07-25 18:49:35,940 - Loaded System Directive: org.apache.velocity.runtime.directive.Macro
2016-07-25 18:49:35,942 - Loaded System Directive: org.apache.velocity.runtime.directive.Parse
2016-07-25 18:49:35,944 - Loaded System Directive: org.apache.velocity.runtime.directive.Include
2016-07-25 18:49:35,945 - Loaded System Directive: org.apache.velocity.runtime.directive.Foreach
2016-07-25 18:49:35,984 - Created '20' parsers.
2016-07-25 18:49:35,991 - Velocimacro : "velocimacro.library" is not set.  Trying default library: VM_global_library.vm
2016-07-25 18:49:35,991 - Could not load resource 'VM_global_library.vm' from ResourceLoader org.apache.velocity.runtime.resource.loader.ClasspathResourceLoader: ClasspathResourceLoader Error: cannot find resource VM_global_library.vm
2016-07-25 18:49:35,991 - Velocimacro : Default library not found.
2016-07-25 18:49:35,991 - Velocimacro : allowInline = true : VMs can be defined inline in templates
2016-07-25 18:49:35,991 - Velocimacro : allowInlineToOverride = false : VMs defined inline may NOT replace previous VM definitions
2016-07-25 18:49:35,991 - Velocimacro : allowInlineLocal = false : VMs defined inline will be global in scope if allowed.
2016-07-25 18:49:35,991 - Velocimacro : autoload off : VM system will not automatically reload global library macros
2016-07-25 18:49:36,048 - ResourceManager : found com/jobsearch/velocity/filterJobs.vm with loader org.apache.velocity.runtime.resource.loader.ClasspathResourceLoader
2016-07-25 18:49:36,062 - ResourceManager : found com/jobsearch/velocity/categories.vm with loader org.apache.velocity.runtime.resource.loader.ClasspathResourceLoader
2016-07-25 18:49:37,475 - Log4JLogChute initialized using file 'velocity.log'
2016-07-25 18:49:37,475 - Log4JLogChute initialized using file 'velocity.log'
2016-07-25 18:49:37,475 - Initializing Velocity, Calling init()...
2016-07-25 18:49:37,475 - Initializing Velocity, Calling init()...
2016-07-25 18:49:37,475 - Starting Apache Velocity v1.7 (compiled: 2010-11-19 12:14:37)
2016-07-25 18:49:37,475 - Starting Apache Velocity v1.7 (compiled: 2010-11-19 12:14:37)
2016-07-25 18:49:37,476 - Default Properties File: org\apache\velocity\runtime\defaults\velocity.properties
2016-07-25 18:49:37,476 - Default Properties File: org\apache\velocity\runtime\defaults\velocity.properties
2016-07-25 18:49:37,476 - Trying to use logger class org.apache.velocity.runtime.log.AvalonLogChute
2016-07-25 18:49:37,476 - Trying to use logger class org.apache.velocity.runtime.log.AvalonLogChute
2016-07-25 18:49:37,476 - Target log system for org.apache.velocity.runtime.log.AvalonLogChute is not available (java.lang.NoClassDefFoundError: org/apache/log/format/Formatter).  Falling back to next log system...
2016-07-25 18:49:37,476 - Target log system for org.apache.velocity.runtime.log.AvalonLogChute is not available (java.lang.NoClassDefFoundError: org/apache/log/format/Formatter).  Falling back to next log system...
2016-07-25 18:49:37,476 - Trying to use logger class org.apache.velocity.runtime.log.Log4JLogChute
2016-07-25 18:49:37,476 - Trying to use logger class org.apache.velocity.runtime.log.Log4JLogChute
2016-07-25 18:49:37,476 - Using logger class org.apache.velocity.runtime.log.Log4JLogChute
2016-07-25 18:49:37,476 - Using logger class org.apache.velocity.runtime.log.Log4JLogChute
2016-07-25 18:49:37,476 - ResourceLoader instantiated: org.apache.velocity.runtime.resource.loader.ClasspathResourceLoader
2016-07-25 18:49:37,476 - ResourceLoader instantiated: org.apache.velocity.runtime.resource.loader.ClasspathResourceLoader
2016-07-25 18:49:37,476 - ResourceCache: initialized (class org.apache.velocity.runtime.resource.ResourceCacheImpl) with class java.util.Collections$SynchronizedMap cache map.
2016-07-25 18:49:37,476 - ResourceCache: initialized (class org.apache.velocity.runtime.resource.ResourceCacheImpl) with class java.util.Collections$SynchronizedMap cache map.
2016-07-25 18:49:37,477 - Loaded System Directive: org.apache.velocity.runtime.directive.Stop
2016-07-25 18:49:37,477 - Loaded System Directive: org.apache.velocity.runtime.directive.Stop
2016-07-25 18:49:37,477 - Loaded System Directive: org.apache.velocity.runtime.directive.Define
2016-07-25 18:49:37,477 - Loaded System Directive: org.apache.velocity.runtime.directive.Define
2016-07-25 18:49:37,477 - Loaded System Directive: org.apache.velocity.runtime.directive.Break
2016-07-25 18:49:37,477 - Loaded System Directive: org.apache.velocity.runtime.directive.Break
2016-07-25 18:49:37,477 - Loaded System Directive: org.apache.velocity.runtime.directive.Evaluate
2016-07-25 18:49:37,477 - Loaded System Directive: org.apache.velocity.runtime.directive.Evaluate
2016-07-25 18:49:37,477 - Loaded System Directive: org.apache.velocity.runtime.directive.Literal
2016-07-25 18:49:37,477 - Loaded System Directive: org.apache.velocity.runtime.directive.Literal
2016-07-25 18:49:37,477 - Loaded System Directive: org.apache.velocity.runtime.directive.Macro
2016-07-25 18:49:37,477 - Loaded System Directive: org.apache.velocity.runtime.directive.Macro
2016-07-25 18:49:37,477 - Loaded System Directive: org.apache.velocity.runtime.directive.Parse
2016-07-25 18:49:37,477 - Loaded System Directive: org.apache.velocity.runtime.directive.Parse
2016-07-25 18:49:37,477 - Loaded System Directive: org.apache.velocity.runtime.directive.Include
2016-07-25 18:49:37,477 - Loaded System Directive: org.apache.velocity.runtime.directive.Include
2016-07-25 18:49:37,477 - Loaded System Directive: org.apache.velocity.runtime.directive.Foreach
2016-07-25 18:49:37,477 - Loaded System Directive: org.apache.velocity.runtime.directive.Foreach
2016-07-25 18:49:37,478 - Created '20' parsers.
2016-07-25 18:49:37,478 - Created '20' parsers.
2016-07-25 18:49:37,478 - Velocimacro : "velocimacro.library" is not set.  Trying default library: VM_global_library.vm
2016-07-25 18:49:37,478 - Velocimacro : "velocimacro.library" is not set.  Trying default library: VM_global_library.vm
2016-07-25 18:49:37,479 - Could not load resource 'VM_global_library.vm' from ResourceLoader org.apache.velocity.runtime.resource.loader.ClasspathResourceLoader: ClasspathResourceLoader Error: cannot find resource VM_global_library.vm
2016-07-25 18:49:37,479 - Could not load resource 'VM_global_library.vm' from ResourceLoader org.apache.velocity.runtime.resource.loader.ClasspathResourceLoader: ClasspathResourceLoader Error: cannot find resource VM_global_library.vm
2016-07-25 18:49:37,479 - Velocimacro : Default library not found.
2016-07-25 18:49:37,479 - Velocimacro : Default library not found.
2016-07-25 18:49:37,479 - Velocimacro : allowInline = true : VMs can be defined inline in templates
2016-07-25 18:49:37,479 - Velocimacro : allowInline = true : VMs can be defined inline in templates
2016-07-25 18:49:37,479 - Velocimacro : allowInlineToOverride = false : VMs defined inline may NOT replace previous VM definitions
2016-07-25 18:49:37,479 - Velocimacro : allowInlineToOverride = false : VMs defined inline may NOT replace previous VM definitions
2016-07-25 18:49:37,479 - Velocimacro : allowInlineLocal = false : VMs defined inline will be global in scope if allowed.
2016-07-25 18:49:37,479 - Velocimacro : allowInlineLocal = false : VMs defined inline will be global in scope if allowed.
2016-07-25 18:49:37,479 - Velocimacro : autoload off : VM system will not automatically reload global library macros
2016-07-25 18:49:37,479 - Velocimacro : autoload off : VM system will not automatically reload global library macros
2016-07-25 18:49:37,505 - ResourceManager : found com/jobsearch/velocity/filterJobs.vm with loader org.apache.velocity.runtime.resource.loader.ClasspathResourceLoader
2016-07-25 18:49:37,505 - ResourceManager : found com/jobsearch/velocity/filterJobs.vm with loader org.apache.velocity.runtime.resource.loader.ClasspathResourceLoader
2016-07-25 18:49:37,509 - ResourceManager : found com/jobsearch/velocity/categories.vm with loader org.apache.velocity.runtime.resource.loader.ClasspathResourceLoader
2016-07-25 18:49:37,509 - ResourceManager : found com/jobsearch/velocity/categories.vm with loader org.apache.velocity.runtime.resource.loader.ClasspathResourceLoader
2016-07-25 19:03:49,281 - Log4JLogChute initialized using file 'velocity.log'
2016-07-25 19:03:49,282 - Initializing Velocity, Calling init()...
2016-07-25 19:03:49,282 - Starting Apache Velocity v1.7 (compiled: 2010-11-19 12:14:37)
2016-07-25 19:03:49,282 - Default Properties File: org\apache\velocity\runtime\defaults\velocity.properties
2016-07-25 19:03:49,282 - Trying to use logger class org.apache.velocity.runtime.log.AvalonLogChute
2016-07-25 19:03:49,282 - Target log system for org.apache.velocity.runtime.log.AvalonLogChute is not available (java.lang.NoClassDefFoundError: org/apache/log/format/Formatter).  Falling back to next log system...
2016-07-25 19:03:49,282 - Trying to use logger class org.apache.velocity.runtime.log.Log4JLogChute
2016-07-25 19:03:49,282 - Using logger class org.apache.velocity.runtime.log.Log4JLogChute
2016-07-25 19:03:49,289 - ResourceLoader instantiated: org.apache.velocity.runtime.resource.loader.ClasspathResourceLoader
2016-07-25 19:03:49,312 - ResourceCache: initialized (class org.apache.velocity.runtime.resource.ResourceCacheImpl) with class java.util.Collections$SynchronizedMap cache map.
2016-07-25 19:03:49,314 - Loaded System Directive: org.apache.velocity.runtime.directive.Stop
2016-07-25 19:03:49,316 - Loaded System Directive: org.apache.velocity.runtime.directive.Define
2016-07-25 19:03:49,317 - Loaded System Directive: org.apache.velocity.runtime.directive.Break
2016-07-25 19:03:49,318 - Loaded System Directive: org.apache.velocity.runtime.directive.Evaluate
2016-07-25 19:03:49,319 - Loaded System Directive: org.apache.velocity.runtime.directive.Literal
2016-07-25 19:03:49,321 - Loaded System Directive: org.apache.velocity.runtime.directive.Macro
2016-07-25 19:03:49,322 - Loaded System Directive: org.apache.velocity.runtime.directive.Parse
2016-07-25 19:03:49,324 - Loaded System Directive: org.apache.velocity.runtime.directive.Include
2016-07-25 19:03:49,326 - Loaded System Directive: org.apache.velocity.runtime.directive.Foreach
2016-07-25 19:03:49,358 - Created '20' parsers.
2016-07-25 19:03:49,365 - Velocimacro : "velocimacro.library" is not set.  Trying default library: VM_global_library.vm
2016-07-25 19:03:49,365 - Could not load resource 'VM_global_library.vm' from ResourceLoader org.apache.velocity.runtime.resource.loader.ClasspathResourceLoader: ClasspathResourceLoader Error: cannot find resource VM_global_library.vm
2016-07-25 19:03:49,365 - Velocimacro : Default library not found.
2016-07-25 19:03:49,365 - Velocimacro : allowInline = true : VMs can be defined inline in templates
2016-07-25 19:03:49,365 - Velocimacro : allowInlineToOverride = false : VMs defined inline may NOT replace previous VM definitions
2016-07-25 19:03:49,365 - Velocimacro : allowInlineLocal = false : VMs defined inline will be global in scope if allowed.
2016-07-25 19:03:49,365 - Velocimacro : autoload off : VM system will not automatically reload global library macros
2016-07-25 19:03:49,419 - ResourceManager : found com/jobsearch/velocity/filterJobs.vm with loader org.apache.velocity.runtime.resource.loader.ClasspathResourceLoader
2016-07-25 19:03:49,431 - ResourceManager : found com/jobsearch/velocity/categories.vm with loader org.apache.velocity.runtime.resource.loader.ClasspathResourceLoader
2016-07-25 19:03:50,597 - Log4JLogChute initialized using file 'velocity.log'
2016-07-25 19:03:50,597 - Log4JLogChute initialized using file 'velocity.log'
2016-07-25 19:03:50,597 - Initializing Velocity, Calling init()...
2016-07-25 19:03:50,597 - Initializing Velocity, Calling init()...
2016-07-25 19:03:50,597 - Starting Apache Velocity v1.7 (compiled: 2010-11-19 12:14:37)
2016-07-25 19:03:50,597 - Starting Apache Velocity v1.7 (compiled: 2010-11-19 12:14:37)
2016-07-25 19:03:50,598 - Default Properties File: org\apache\velocity\runtime\defaults\velocity.properties
2016-07-25 19:03:50,598 - Default Properties File: org\apache\velocity\runtime\defaults\velocity.properties
2016-07-25 19:03:50,598 - Trying to use logger class org.apache.velocity.runtime.log.AvalonLogChute
2016-07-25 19:03:50,598 - Trying to use logger class org.apache.velocity.runtime.log.AvalonLogChute
2016-07-25 19:03:50,598 - Target log system for org.apache.velocity.runtime.log.AvalonLogChute is not available (java.lang.NoClassDefFoundError: org/apache/log/format/Formatter).  Falling back to next log system...
2016-07-25 19:03:50,598 - Target log system for org.apache.velocity.runtime.log.AvalonLogChute is not available (java.lang.NoClassDefFoundError: org/apache/log/format/Formatter).  Falling back to next log system...
2016-07-25 19:03:50,598 - Trying to use logger class org.apache.velocity.runtime.log.Log4JLogChute
2016-07-25 19:03:50,598 - Trying to use logger class org.apache.velocity.runtime.log.Log4JLogChute
2016-07-25 19:03:50,598 - Using logger class org.apache.velocity.runtime.log.Log4JLogChute
2016-07-25 19:03:50,598 - Using logger class org.apache.velocity.runtime.log.Log4JLogChute
2016-07-25 19:03:50,598 - ResourceLoader instantiated: org.apache.velocity.runtime.resource.loader.ClasspathResourceLoader
2016-07-25 19:03:50,598 - ResourceLoader instantiated: org.apache.velocity.runtime.resource.loader.ClasspathResourceLoader
2016-07-25 19:03:50,598 - ResourceCache: initialized (class org.apache.velocity.runtime.resource.ResourceCacheImpl) with class java.util.Collections$SynchronizedMap cache map.
2016-07-25 19:03:50,598 - ResourceCache: initialized (class org.apache.velocity.runtime.resource.ResourceCacheImpl) with class java.util.Collections$SynchronizedMap cache map.
2016-07-25 19:03:50,599 - Loaded System Directive: org.apache.velocity.runtime.directive.Stop
2016-07-25 19:03:50,599 - Loaded System Directive: org.apache.velocity.runtime.directive.Stop
2016-07-25 19:03:50,599 - Loaded System Directive: org.apache.velocity.runtime.directive.Define
2016-07-25 19:03:50,599 - Loaded System Directive: org.apache.velocity.runtime.directive.Define
2016-07-25 19:03:50,599 - Loaded System Directive: org.apache.velocity.runtime.directive.Break
2016-07-25 19:03:50,599 - Loaded System Directive: org.apache.velocity.runtime.directive.Break
2016-07-25 19:03:50,599 - Loaded System Directive: org.apache.velocity.runtime.directive.Evaluate
2016-07-25 19:03:50,599 - Loaded System Directive: org.apache.velocity.runtime.directive.Evaluate
2016-07-25 19:03:50,599 - Loaded System Directive: org.apache.velocity.runtime.directive.Literal
2016-07-25 19:03:50,599 - Loaded System Directive: org.apache.velocity.runtime.directive.Literal
2016-07-25 19:03:50,599 - Loaded System Directive: org.apache.velocity.runtime.directive.Macro
2016-07-25 19:03:50,599 - Loaded System Directive: org.apache.velocity.runtime.directive.Macro
2016-07-25 19:03:50,599 - Loaded System Directive: org.apache.velocity.runtime.directive.Parse
2016-07-25 19:03:50,599 - Loaded System Directive: org.apache.velocity.runtime.directive.Parse
2016-07-25 19:03:50,599 - Loaded System Directive: org.apache.velocity.runtime.directive.Include
2016-07-25 19:03:50,599 - Loaded System Directive: org.apache.velocity.runtime.directive.Include
2016-07-25 19:03:50,599 - Loaded System Directive: org.apache.velocity.runtime.directive.Foreach
2016-07-25 19:03:50,599 - Loaded System Directive: org.apache.velocity.runtime.directive.Foreach
2016-07-25 19:03:50,600 - Created '20' parsers.
2016-07-25 19:03:50,600 - Created '20' parsers.
2016-07-25 19:03:50,600 - Velocimacro : "velocimacro.library" is not set.  Trying default library: VM_global_library.vm
2016-07-25 19:03:50,600 - Velocimacro : "velocimacro.library" is not set.  Trying default library: VM_global_library.vm
2016-07-25 19:03:50,601 - Could not load resource 'VM_global_library.vm' from ResourceLoader org.apache.velocity.runtime.resource.loader.ClasspathResourceLoader: ClasspathResourceLoader Error: cannot find resource VM_global_library.vm
2016-07-25 19:03:50,601 - Could not load resource 'VM_global_library.vm' from ResourceLoader org.apache.velocity.runtime.resource.loader.ClasspathResourceLoader: ClasspathResourceLoader Error: cannot find resource VM_global_library.vm
2016-07-25 19:03:50,601 - Velocimacro : Default library not found.
2016-07-25 19:03:50,601 - Velocimacro : Default library not found.
2016-07-25 19:03:50,601 - Velocimacro : allowInline = true : VMs can be defined inline in templates
2016-07-25 19:03:50,601 - Velocimacro : allowInline = true : VMs can be defined inline in templates
2016-07-25 19:03:50,601 - Velocimacro : allowInlineToOverride = false : VMs defined inline may NOT replace previous VM definitions
2016-07-25 19:03:50,601 - Velocimacro : allowInlineToOverride = false : VMs defined inline may NOT replace previous VM definitions
2016-07-25 19:03:50,601 - Velocimacro : allowInlineLocal = false : VMs defined inline will be global in scope if allowed.
2016-07-25 19:03:50,601 - Velocimacro : allowInlineLocal = false : VMs defined inline will be global in scope if allowed.
2016-07-25 19:03:50,601 - Velocimacro : autoload off : VM system will not automatically reload global library macros
2016-07-25 19:03:50,601 - Velocimacro : autoload off : VM system will not automatically reload global library macros
2016-07-25 19:03:50,625 - ResourceManager : found com/jobsearch/velocity/filterJobs.vm with loader org.apache.velocity.runtime.resource.loader.ClasspathResourceLoader
2016-07-25 19:03:50,625 - ResourceManager : found com/jobsearch/velocity/filterJobs.vm with loader org.apache.velocity.runtime.resource.loader.ClasspathResourceLoader
2016-07-25 19:03:50,628 - ResourceManager : found com/jobsearch/velocity/categories.vm with loader org.apache.velocity.runtime.resource.loader.ClasspathResourceLoader
2016-07-25 19:03:50,628 - ResourceManager : found com/jobsearch/velocity/categories.vm with loader org.apache.velocity.runtime.resource.loader.ClasspathResourceLoader
2016-07-25 19:06:32,254 - Log4JLogChute initialized using file 'velocity.log'
2016-07-25 19:06:32,255 - Initializing Velocity, Calling init()...
2016-07-25 19:06:32,255 - Starting Apache Velocity v1.7 (compiled: 2010-11-19 12:14:37)
2016-07-25 19:06:32,255 - Default Properties File: org\apache\velocity\runtime\defaults\velocity.properties
2016-07-25 19:06:32,255 - Trying to use logger class org.apache.velocity.runtime.log.AvalonLogChute
2016-07-25 19:06:32,255 - Target log system for org.apache.velocity.runtime.log.AvalonLogChute is not available (java.lang.NoClassDefFoundError: org/apache/log/format/Formatter).  Falling back to next log system...
2016-07-25 19:06:32,255 - Trying to use logger class org.apache.velocity.runtime.log.Log4JLogChute
2016-07-25 19:06:32,255 - Using logger class org.apache.velocity.runtime.log.Log4JLogChute
2016-07-25 19:06:32,261 - ResourceLoader instantiated: org.apache.velocity.runtime.resource.loader.ClasspathResourceLoader
2016-07-25 19:06:32,284 - ResourceCache: initialized (class org.apache.velocity.runtime.resource.ResourceCacheImpl) with class java.util.Collections$SynchronizedMap cache map.
2016-07-25 19:06:32,286 - Loaded System Directive: org.apache.velocity.runtime.directive.Stop
2016-07-25 19:06:32,288 - Loaded System Directive: org.apache.velocity.runtime.directive.Define
2016-07-25 19:06:32,290 - Loaded System Directive: org.apache.velocity.runtime.directive.Break
2016-07-25 19:06:32,291 - Loaded System Directive: org.apache.velocity.runtime.directive.Evaluate
2016-07-25 19:06:32,292 - Loaded System Directive: org.apache.velocity.runtime.directive.Literal
2016-07-25 19:06:32,294 - Loaded System Directive: org.apache.velocity.runtime.directive.Macro
2016-07-25 19:06:32,295 - Loaded System Directive: org.apache.velocity.runtime.directive.Parse
2016-07-25 19:06:32,298 - Loaded System Directive: org.apache.velocity.runtime.directive.Include
2016-07-25 19:06:32,300 - Loaded System Directive: org.apache.velocity.runtime.directive.Foreach
2016-07-25 19:06:32,336 - Created '20' parsers.
2016-07-25 19:06:32,342 - Velocimacro : "velocimacro.library" is not set.  Trying default library: VM_global_library.vm
2016-07-25 19:06:32,343 - Could not load resource 'VM_global_library.vm' from ResourceLoader org.apache.velocity.runtime.resource.loader.ClasspathResourceLoader: ClasspathResourceLoader Error: cannot find resource VM_global_library.vm
2016-07-25 19:06:32,343 - Velocimacro : Default library not found.
2016-07-25 19:06:32,343 - Velocimacro : allowInline = true : VMs can be defined inline in templates
2016-07-25 19:06:32,343 - Velocimacro : allowInlineToOverride = false : VMs defined inline may NOT replace previous VM definitions
2016-07-25 19:06:32,343 - Velocimacro : allowInlineLocal = false : VMs defined inline will be global in scope if allowed.
2016-07-25 19:06:32,343 - Velocimacro : autoload off : VM system will not automatically reload global library macros
2016-07-25 19:06:32,392 - ResourceManager : found com/jobsearch/velocity/filterJobs.vm with loader org.apache.velocity.runtime.resource.loader.ClasspathResourceLoader
2016-07-25 19:06:32,402 - ResourceManager : found com/jobsearch/velocity/categories.vm with loader org.apache.velocity.runtime.resource.loader.ClasspathResourceLoader
